24-05-26.10:30:16.764 [http-nio-8089-exec-2] INFO  DynamicThreadPoolController - 修改线程池配置开始 dynamic-thread-pool-test-app threadPoolExecutor01 {"activeCount":0,"appName":"dynamic-thread-pool-test-app","corePoolSize":20,"maximumPoolSize":50,"poolSize":0,"queueSize":0,"remainingCapacity":0,"threadPoolName":"threadPoolExecutor01"}
24-05-26.10:30:16.781 [http-nio-8089-exec-2] INFO  DynamicThreadPoolController - 修改线程池配置完成 dynamic-thread-pool-test-app threadPoolExecutor01
24-05-26.15:09:27.220 [main            ] INFO  Application            - Starting Application using Java 1.8.0_341 on bogon with PID 51160 (/Users/odin/Desktop/dynamic-thread-pool/dynamic-thread-pool-admin/target/classes started by odin in /Users/odin/Desktop/dynamic-thread-pool)
24-05-26.15:09:27.223 [main            ] INFO  Application            - The following 1 profile is active: "dev"
24-05-26.15:09:29.040 [main            ] INFO  RepositoryConfigurationDelegate - Multiple Spring Data modules found, entering strict repository configuration mode
24-05-26.15:09:29.044 [main            ] INFO  RepositoryConfigurationDelegate - Bootstrapping Spring Data Redis repositories in DEFAULT mode.
24-05-26.15:09:29.086 [main            ] INFO  RepositoryConfigurationDelegate - Finished Spring Data repository scanning in 19 ms. Found 0 Redis repository interfaces.
24-05-26.15:09:29.908 [main            ] INFO  TomcatWebServer        - Tomcat initialized with port(s): 8089 (http)
24-05-26.15:09:29.919 [main            ] INFO  Http11NioProtocol      - Initializing ProtocolHandler ["http-nio-8089"]
24-05-26.15:09:29.919 [main            ] INFO  StandardService        - Starting service [Tomcat]
24-05-26.15:09:29.919 [main            ] INFO  StandardEngine         - Starting Servlet engine: [Apache Tomcat/9.0.75]
24-05-26.15:09:30.328 [main            ] INFO  [/]                    - Initializing Spring embedded WebApplicationContext
24-05-26.15:09:30.330 [main            ] INFO  ServletWebServerApplicationContext - Root WebApplicationContext: initialization completed in 2961 ms
24-05-26.15:09:31.324 [main            ] INFO  Version                - Redisson 3.26.0
24-05-26.15:09:31.378 [main            ] ERROR DnsServerAddressStreamProviders - Unable to load io.netty.resolver.dns.macos.MacOSDnsServerAddressStreamProvider, fallback to system defaults. This may result in incorrect DNS resolutions on MacOS. Check whether you have a dependency on 'io.netty:netty-resolver-dns-native-macos'. Use DEBUG level to see the full stack: java.lang.UnsatisfiedLinkError: failed to load the required native library
24-05-26.15:09:31.723 [redisson-netty-1-5] INFO  ConnectionsHolder      - 1 connections initialized for localhost/127.0.0.1:16379
24-05-26.15:09:31.773 [redisson-netty-1-14] INFO  ConnectionsHolder      - 5 connections initialized for localhost/127.0.0.1:16379
24-05-26.15:09:33.608 [main            ] INFO  EndpointLinksResolver  - Exposing 1 endpoint(s) beneath base path '/actuator'
24-05-26.15:09:33.735 [main            ] INFO  Http11NioProtocol      - Starting ProtocolHandler ["http-nio-8089"]
24-05-26.15:09:33.764 [main            ] INFO  TomcatWebServer        - Tomcat started on port(s): 8089 (http) with context path ''
24-05-26.15:09:33.792 [main            ] INFO  Application            - Started Application in 7.633 seconds (JVM running for 8.682)
24-05-26.15:13:13.125 [main            ] INFO  Application            - Starting Application using Java 1.8.0_341 on bogon with PID 51577 (/Users/odin/Desktop/dynamic-thread-pool/dynamic-thread-pool-test/target/classes started by odin in /Users/odin/Desktop/dynamic-thread-pool)
24-05-26.15:13:13.129 [main            ] INFO  Application            - The following 1 profile is active: "dev"
24-05-26.15:13:14.600 [main            ] INFO  RepositoryConfigurationDelegate - Multiple Spring Data modules found, entering strict repository configuration mode
24-05-26.15:13:14.604 [main            ] INFO  RepositoryConfigurationDelegate - Bootstrapping Spring Data Redis repositories in DEFAULT mode.
24-05-26.15:13:14.634 [main            ] INFO  RepositoryConfigurationDelegate - Finished Spring Data repository scanning in 18 ms. Found 0 Redis repository interfaces.
24-05-26.15:13:15.598 [main            ] INFO  TomcatWebServer        - Tomcat initialized with port(s): 8091 (http)
24-05-26.15:13:15.622 [main            ] INFO  Http11NioProtocol      - Initializing ProtocolHandler ["http-nio-8091"]
24-05-26.15:13:15.623 [main            ] INFO  StandardService        - Starting service [Tomcat]
24-05-26.15:13:15.623 [main            ] INFO  StandardEngine         - Starting Servlet engine: [Apache Tomcat/9.0.75]
24-05-26.15:13:15.956 [main            ] INFO  [/]                    - Initializing Spring embedded WebApplicationContext
24-05-26.15:13:15.957 [main            ] INFO  ServletWebServerApplicationContext - Root WebApplicationContext: initialization completed in 2751 ms
24-05-26.15:13:17.095 [main            ] INFO  Version                - Redisson 3.26.0
24-05-26.15:13:17.157 [main            ] WARN  DnsServerAddressStreamProviders - Can not find io.netty.resolver.dns.macos.MacOSDnsServerAddressStreamProvider in the classpath, fallback to system defaults. This may result in incorrect DNS resolutions on MacOS. Check whether you have a dependency on 'io.netty:netty-resolver-dns-native-macos'
24-05-26.15:13:17.505 [redisson-netty-1-7] INFO  ConnectionsHolder      - 1 connections initialized for 127.0.0.1/127.0.0.1:16379
24-05-26.15:13:17.537 [redisson-netty-1-23] INFO  ConnectionsHolder      - 10 connections initialized for 127.0.0.1/127.0.0.1:16379
24-05-26.15:13:17.630 [main            ] INFO  DynamicThreadPoolAutoConfig - 动态线程池，注册器（redis）链接初始化完成。127.0.0.1 64 true
24-05-26.15:13:17.764 [main            ] INFO  DynamicThreadPoolAutoConfig - 应用名称为:dynamic-thread-pool-test-app - 线程池信息:["threadPoolExecutor01","threadPoolExecutor02"]
24-05-26.15:13:18.582 [main            ] INFO  EndpointLinksResolver  - Exposing 1 endpoint(s) beneath base path '/actuator'
24-05-26.15:13:18.648 [main            ] INFO  Http11NioProtocol      - Starting ProtocolHandler ["http-nio-8091"]
24-05-26.15:13:18.673 [main            ] INFO  TomcatWebServer        - Tomcat started on port(s): 8091 (http) with context path ''
24-05-26.15:13:18.714 [main            ] INFO  Application            - Started Application in 6.496 seconds (JVM running for 9.304)
24-05-26.15:13:20.211 [scheduling-1    ] INFO  ThreadPoolDataReportJob - 动态线程池，上报线程池信息：[{"activeCount":0,"appName":"dynamic-thread-pool-test-app","corePoolSize":0,"maximumPoolSize":100,"poolSize":0,"queueSize":0,"queueType":"LinkedBlockingQueue","remainingCapacity":0,"threadPoolName":"threadPoolExecutor01"},{"activeCount":0,"appName":"dynamic-thread-pool-test-app","corePoolSize":20,"maximumPoolSize":50,"poolSize":0,"queueSize":0,"queueType":"LinkedBlockingQueue","remainingCapacity":0,"threadPoolName":"threadPoolExecutor02"}]
24-05-26.15:13:20.246 [scheduling-1    ] INFO  ThreadPoolDataReportJob - 动态线程池，上报线程池配置：{"activeCount":0,"appName":"dynamic-thread-pool-test-app","corePoolSize":0,"maximumPoolSize":100,"poolSize":0,"queueSize":0,"queueType":"LinkedBlockingQueue","remainingCapacity":0,"threadPoolName":"threadPoolExecutor01"}
24-05-26.15:13:20.254 [scheduling-1    ] INFO  ThreadPoolDataReportJob - 动态线程池，上报线程池配置：{"activeCount":0,"appName":"dynamic-thread-pool-test-app","corePoolSize":20,"maximumPoolSize":50,"poolSize":0,"queueSize":0,"queueType":"LinkedBlockingQueue","remainingCapacity":0,"threadPoolName":"threadPoolExecutor02"}
24-05-26.15:13:46.817 [scheduling-1    ] INFO  ThreadPoolDataReportJob - 动态线程池，上报线程池信息：[{"activeCount":0,"appName":"dynamic-thread-pool-test-app","corePoolSize":0,"maximumPoolSize":100,"poolSize":0,"queueSize":0,"queueType":"LinkedBlockingQueue","remainingCapacity":0,"threadPoolName":"threadPoolExecutor01"},{"activeCount":0,"appName":"dynamic-thread-pool-test-app","corePoolSize":20,"maximumPoolSize":50,"poolSize":0,"queueSize":0,"queueType":"LinkedBlockingQueue","remainingCapacity":0,"threadPoolName":"threadPoolExecutor02"}]
24-05-26.15:13:46.832 [scheduling-1    ] INFO  ThreadPoolDataReportJob - 动态线程池，上报线程池配置：{"activeCount":0,"appName":"dynamic-thread-pool-test-app","corePoolSize":0,"maximumPoolSize":100,"poolSize":0,"queueSize":0,"queueType":"LinkedBlockingQueue","remainingCapacity":0,"threadPoolName":"threadPoolExecutor01"}
24-05-26.15:13:46.836 [scheduling-1    ] INFO  ThreadPoolDataReportJob - 动态线程池，上报线程池配置：{"activeCount":0,"appName":"dynamic-thread-pool-test-app","corePoolSize":20,"maximumPoolSize":50,"poolSize":0,"queueSize":0,"queueType":"LinkedBlockingQueue","remainingCapacity":0,"threadPoolName":"threadPoolExecutor02"}
24-05-26.15:14:00.074 [scheduling-1    ] INFO  ThreadPoolDataReportJob - 动态线程池，上报线程池信息：[{"activeCount":0,"appName":"dynamic-thread-pool-test-app","corePoolSize":0,"maximumPoolSize":100,"poolSize":0,"queueSize":0,"queueType":"LinkedBlockingQueue","remainingCapacity":0,"threadPoolName":"threadPoolExecutor01"},{"activeCount":0,"appName":"dynamic-thread-pool-test-app","corePoolSize":20,"maximumPoolSize":50,"poolSize":0,"queueSize":0,"queueType":"LinkedBlockingQueue","remainingCapacity":0,"threadPoolName":"threadPoolExecutor02"}]
24-05-26.15:14:00.098 [scheduling-1    ] INFO  ThreadPoolDataReportJob - 动态线程池，上报线程池配置：{"activeCount":0,"appName":"dynamic-thread-pool-test-app","corePoolSize":0,"maximumPoolSize":100,"poolSize":0,"queueSize":0,"queueType":"LinkedBlockingQueue","remainingCapacity":0,"threadPoolName":"threadPoolExecutor01"}
24-05-26.15:14:00.103 [scheduling-1    ] INFO  ThreadPoolDataReportJob - 动态线程池，上报线程池配置：{"activeCount":0,"appName":"dynamic-thread-pool-test-app","corePoolSize":20,"maximumPoolSize":50,"poolSize":0,"queueSize":0,"queueType":"LinkedBlockingQueue","remainingCapacity":0,"threadPoolName":"threadPoolExecutor02"}
24-05-26.15:14:08.105 [redisson-3-12   ] INFO  ThreadPoolConfigAdjustListener - 动态线程池，调整线程池配置。线程池名称:threadPoolExecutor01 核心线程数:100 最大线程数:100
24-05-26.15:14:13.824 [redisson-3-12   ] INFO  DynamicThreadPoolService - 动态线程池，配置查询 应用名:[dynamic-thread-pool-test-app] 线程名:[threadPoolExecutor01] 池化配置:[{"activeCount":0,"appName":"dynamic-thread-pool-test-app","corePoolSize":0,"maximumPoolSize":100,"poolSize":0,"queueSize":0,"queueType":"LinkedBlockingQueue","remainingCapacity":5000,"threadPoolName":"threadPoolExecutor01"}]
24-05-26.15:14:13.841 [redisson-3-12   ] INFO  ThreadPoolConfigAdjustListener - 动态线程池，上报线程池配置：{"activeCount":0,"appName":"dynamic-thread-pool-test-app","corePoolSize":0,"maximumPoolSize":100,"poolSize":100,"queueSize":0,"remainingCapacity":0,"threadPoolName":"threadPoolExecutor01"}
24-05-26.15:14:20.046 [scheduling-1    ] INFO  ThreadPoolDataReportJob - 动态线程池，上报线程池信息：[{"activeCount":0,"appName":"dynamic-thread-pool-test-app","corePoolSize":0,"maximumPoolSize":100,"poolSize":0,"queueSize":0,"queueType":"LinkedBlockingQueue","remainingCapacity":0,"threadPoolName":"threadPoolExecutor01"},{"activeCount":0,"appName":"dynamic-thread-pool-test-app","corePoolSize":20,"maximumPoolSize":50,"poolSize":0,"queueSize":0,"queueType":"LinkedBlockingQueue","remainingCapacity":0,"threadPoolName":"threadPoolExecutor02"}]
24-05-26.15:14:20.056 [scheduling-1    ] INFO  ThreadPoolDataReportJob - 动态线程池，上报线程池配置：{"activeCount":0,"appName":"dynamic-thread-pool-test-app","corePoolSize":0,"maximumPoolSize":100,"poolSize":0,"queueSize":0,"queueType":"LinkedBlockingQueue","remainingCapacity":0,"threadPoolName":"threadPoolExecutor01"}
24-05-26.15:14:20.062 [scheduling-1    ] INFO  ThreadPoolDataReportJob - 动态线程池，上报线程池配置：{"activeCount":0,"appName":"dynamic-thread-pool-test-app","corePoolSize":20,"maximumPoolSize":50,"poolSize":0,"queueSize":0,"queueType":"LinkedBlockingQueue","remainingCapacity":0,"threadPoolName":"threadPoolExecutor02"}
24-05-26.15:14:40.045 [scheduling-1    ] INFO  ThreadPoolDataReportJob - 动态线程池，上报线程池信息：[{"activeCount":0,"appName":"dynamic-thread-pool-test-app","corePoolSize":0,"maximumPoolSize":100,"poolSize":0,"queueSize":0,"queueType":"LinkedBlockingQueue","remainingCapacity":0,"threadPoolName":"threadPoolExecutor01"},{"activeCount":0,"appName":"dynamic-thread-pool-test-app","corePoolSize":20,"maximumPoolSize":50,"poolSize":0,"queueSize":0,"queueType":"LinkedBlockingQueue","remainingCapacity":0,"threadPoolName":"threadPoolExecutor02"}]
24-05-26.15:14:40.053 [scheduling-1    ] INFO  ThreadPoolDataReportJob - 动态线程池，上报线程池配置：{"activeCount":0,"appName":"dynamic-thread-pool-test-app","corePoolSize":0,"maximumPoolSize":100,"poolSize":0,"queueSize":0,"queueType":"LinkedBlockingQueue","remainingCapacity":0,"threadPoolName":"threadPoolExecutor01"}
24-05-26.15:14:40.061 [scheduling-1    ] INFO  ThreadPoolDataReportJob - 动态线程池，上报线程池配置：{"activeCount":0,"appName":"dynamic-thread-pool-test-app","corePoolSize":20,"maximumPoolSize":50,"poolSize":0,"queueSize":0,"queueType":"LinkedBlockingQueue","remainingCapacity":0,"threadPoolName":"threadPoolExecutor02"}
24-05-26.15:15:00.049 [scheduling-1    ] INFO  ThreadPoolDataReportJob - 动态线程池，上报线程池信息：[{"activeCount":0,"appName":"dynamic-thread-pool-test-app","corePoolSize":0,"maximumPoolSize":100,"poolSize":0,"queueSize":0,"queueType":"LinkedBlockingQueue","remainingCapacity":0,"threadPoolName":"threadPoolExecutor01"},{"activeCount":0,"appName":"dynamic-thread-pool-test-app","corePoolSize":20,"maximumPoolSize":50,"poolSize":0,"queueSize":0,"queueType":"LinkedBlockingQueue","remainingCapacity":0,"threadPoolName":"threadPoolExecutor02"}]
24-05-26.15:15:00.059 [scheduling-1    ] INFO  ThreadPoolDataReportJob - 动态线程池，上报线程池配置：{"activeCount":0,"appName":"dynamic-thread-pool-test-app","corePoolSize":0,"maximumPoolSize":100,"poolSize":0,"queueSize":0,"queueType":"LinkedBlockingQueue","remainingCapacity":0,"threadPoolName":"threadPoolExecutor01"}
24-05-26.15:15:00.067 [scheduling-1    ] INFO  ThreadPoolDataReportJob - 动态线程池，上报线程池配置：{"activeCount":0,"appName":"dynamic-thread-pool-test-app","corePoolSize":20,"maximumPoolSize":50,"poolSize":0,"queueSize":0,"queueType":"LinkedBlockingQueue","remainingCapacity":0,"threadPoolName":"threadPoolExecutor02"}
24-05-26.15:15:02.939 [http-nio-8089-exec-1] INFO  [/]                    - Initializing Spring DispatcherServlet 'dispatcherServlet'
24-05-26.15:15:02.943 [http-nio-8089-exec-1] INFO  DispatcherServlet      - Initializing Servlet 'dispatcherServlet'
24-05-26.15:15:02.954 [http-nio-8089-exec-1] INFO  DispatcherServlet      - Completed initialization in 11 ms
24-05-26.15:15:20.047 [scheduling-1    ] INFO  ThreadPoolDataReportJob - 动态线程池，上报线程池信息：[{"activeCount":0,"appName":"dynamic-thread-pool-test-app","corePoolSize":0,"maximumPoolSize":100,"poolSize":0,"queueSize":0,"queueType":"LinkedBlockingQueue","remainingCapacity":0,"threadPoolName":"threadPoolExecutor01"},{"activeCount":0,"appName":"dynamic-thread-pool-test-app","corePoolSize":20,"maximumPoolSize":50,"poolSize":0,"queueSize":0,"queueType":"LinkedBlockingQueue","remainingCapacity":0,"threadPoolName":"threadPoolExecutor02"}]
24-05-26.15:15:20.060 [scheduling-1    ] INFO  ThreadPoolDataReportJob - 动态线程池，上报线程池配置：{"activeCount":0,"appName":"dynamic-thread-pool-test-app","corePoolSize":0,"maximumPoolSize":100,"poolSize":0,"queueSize":0,"queueType":"LinkedBlockingQueue","remainingCapacity":0,"threadPoolName":"threadPoolExecutor01"}
24-05-26.15:15:20.067 [scheduling-1    ] INFO  ThreadPoolDataReportJob - 动态线程池，上报线程池配置：{"activeCount":0,"appName":"dynamic-thread-pool-test-app","corePoolSize":20,"maximumPoolSize":50,"poolSize":0,"queueSize":0,"queueType":"LinkedBlockingQueue","remainingCapacity":0,"threadPoolName":"threadPoolExecutor02"}
24-05-26.15:15:40.034 [scheduling-1    ] INFO  ThreadPoolDataReportJob - 动态线程池，上报线程池信息：[{"activeCount":0,"appName":"dynamic-thread-pool-test-app","corePoolSize":0,"maximumPoolSize":100,"poolSize":0,"queueSize":0,"queueType":"LinkedBlockingQueue","remainingCapacity":0,"threadPoolName":"threadPoolExecutor01"},{"activeCount":0,"appName":"dynamic-thread-pool-test-app","corePoolSize":20,"maximumPoolSize":50,"poolSize":0,"queueSize":0,"queueType":"LinkedBlockingQueue","remainingCapacity":0,"threadPoolName":"threadPoolExecutor02"}]
24-05-26.15:15:40.051 [scheduling-1    ] INFO  ThreadPoolDataReportJob - 动态线程池，上报线程池配置：{"activeCount":0,"appName":"dynamic-thread-pool-test-app","corePoolSize":0,"maximumPoolSize":100,"poolSize":0,"queueSize":0,"queueType":"LinkedBlockingQueue","remainingCapacity":0,"threadPoolName":"threadPoolExecutor01"}
24-05-26.15:15:40.057 [scheduling-1    ] INFO  ThreadPoolDataReportJob - 动态线程池，上报线程池配置：{"activeCount":0,"appName":"dynamic-thread-pool-test-app","corePoolSize":20,"maximumPoolSize":50,"poolSize":0,"queueSize":0,"queueType":"LinkedBlockingQueue","remainingCapacity":0,"threadPoolName":"threadPoolExecutor02"}
24-05-26.15:16:00.037 [scheduling-1    ] INFO  ThreadPoolDataReportJob - 动态线程池，上报线程池信息：[{"activeCount":0,"appName":"dynamic-thread-pool-test-app","corePoolSize":0,"maximumPoolSize":100,"poolSize":0,"queueSize":0,"queueType":"LinkedBlockingQueue","remainingCapacity":0,"threadPoolName":"threadPoolExecutor01"},{"activeCount":0,"appName":"dynamic-thread-pool-test-app","corePoolSize":20,"maximumPoolSize":50,"poolSize":0,"queueSize":0,"queueType":"LinkedBlockingQueue","remainingCapacity":0,"threadPoolName":"threadPoolExecutor02"}]
24-05-26.15:16:00.047 [scheduling-1    ] INFO  ThreadPoolDataReportJob - 动态线程池，上报线程池配置：{"activeCount":0,"appName":"dynamic-thread-pool-test-app","corePoolSize":0,"maximumPoolSize":100,"poolSize":0,"queueSize":0,"queueType":"LinkedBlockingQueue","remainingCapacity":0,"threadPoolName":"threadPoolExecutor01"}
24-05-26.15:16:00.054 [scheduling-1    ] INFO  ThreadPoolDataReportJob - 动态线程池，上报线程池配置：{"activeCount":0,"appName":"dynamic-thread-pool-test-app","corePoolSize":20,"maximumPoolSize":50,"poolSize":0,"queueSize":0,"queueType":"LinkedBlockingQueue","remainingCapacity":0,"threadPoolName":"threadPoolExecutor02"}
24-05-26.15:16:20.045 [scheduling-1    ] INFO  ThreadPoolDataReportJob - 动态线程池，上报线程池信息：[{"activeCount":0,"appName":"dynamic-thread-pool-test-app","corePoolSize":0,"maximumPoolSize":100,"poolSize":0,"queueSize":0,"queueType":"LinkedBlockingQueue","remainingCapacity":0,"threadPoolName":"threadPoolExecutor01"},{"activeCount":0,"appName":"dynamic-thread-pool-test-app","corePoolSize":20,"maximumPoolSize":50,"poolSize":0,"queueSize":0,"queueType":"LinkedBlockingQueue","remainingCapacity":0,"threadPoolName":"threadPoolExecutor02"}]
24-05-26.15:16:20.061 [scheduling-1    ] INFO  ThreadPoolDataReportJob - 动态线程池，上报线程池配置：{"activeCount":0,"appName":"dynamic-thread-pool-test-app","corePoolSize":0,"maximumPoolSize":100,"poolSize":0,"queueSize":0,"queueType":"LinkedBlockingQueue","remainingCapacity":0,"threadPoolName":"threadPoolExecutor01"}
24-05-26.15:16:20.067 [scheduling-1    ] INFO  ThreadPoolDataReportJob - 动态线程池，上报线程池配置：{"activeCount":0,"appName":"dynamic-thread-pool-test-app","corePoolSize":20,"maximumPoolSize":50,"poolSize":0,"queueSize":0,"queueType":"LinkedBlockingQueue","remainingCapacity":0,"threadPoolName":"threadPoolExecutor02"}
24-05-26.15:16:40.067 [scheduling-1    ] INFO  ThreadPoolDataReportJob - 动态线程池，上报线程池信息：[{"activeCount":0,"appName":"dynamic-thread-pool-test-app","corePoolSize":0,"maximumPoolSize":100,"poolSize":0,"queueSize":0,"queueType":"LinkedBlockingQueue","remainingCapacity":0,"threadPoolName":"threadPoolExecutor01"},{"activeCount":0,"appName":"dynamic-thread-pool-test-app","corePoolSize":20,"maximumPoolSize":50,"poolSize":0,"queueSize":0,"queueType":"LinkedBlockingQueue","remainingCapacity":0,"threadPoolName":"threadPoolExecutor02"}]
24-05-26.15:16:40.078 [scheduling-1    ] INFO  ThreadPoolDataReportJob - 动态线程池，上报线程池配置：{"activeCount":0,"appName":"dynamic-thread-pool-test-app","corePoolSize":0,"maximumPoolSize":100,"poolSize":0,"queueSize":0,"queueType":"LinkedBlockingQueue","remainingCapacity":0,"threadPoolName":"threadPoolExecutor01"}
24-05-26.15:16:40.082 [scheduling-1    ] INFO  ThreadPoolDataReportJob - 动态线程池，上报线程池配置：{"activeCount":0,"appName":"dynamic-thread-pool-test-app","corePoolSize":20,"maximumPoolSize":50,"poolSize":0,"queueSize":0,"queueType":"LinkedBlockingQueue","remainingCapacity":0,"threadPoolName":"threadPoolExecutor02"}
24-05-26.15:17:00.179 [scheduling-1    ] INFO  ThreadPoolDataReportJob - 动态线程池，上报线程池信息：[{"activeCount":0,"appName":"dynamic-thread-pool-test-app","corePoolSize":0,"maximumPoolSize":100,"poolSize":0,"queueSize":0,"queueType":"LinkedBlockingQueue","remainingCapacity":0,"threadPoolName":"threadPoolExecutor01"},{"activeCount":0,"appName":"dynamic-thread-pool-test-app","corePoolSize":20,"maximumPoolSize":50,"poolSize":0,"queueSize":0,"queueType":"LinkedBlockingQueue","remainingCapacity":0,"threadPoolName":"threadPoolExecutor02"}]
24-05-26.15:17:00.211 [scheduling-1    ] INFO  ThreadPoolDataReportJob - 动态线程池，上报线程池配置：{"activeCount":0,"appName":"dynamic-thread-pool-test-app","corePoolSize":0,"maximumPoolSize":100,"poolSize":0,"queueSize":0,"queueType":"LinkedBlockingQueue","remainingCapacity":0,"threadPoolName":"threadPoolExecutor01"}
24-05-26.15:17:00.215 [scheduling-1    ] INFO  ThreadPoolDataReportJob - 动态线程池，上报线程池配置：{"activeCount":0,"appName":"dynamic-thread-pool-test-app","corePoolSize":20,"maximumPoolSize":50,"poolSize":0,"queueSize":0,"queueType":"LinkedBlockingQueue","remainingCapacity":0,"threadPoolName":"threadPoolExecutor02"}
24-05-26.15:17:20.035 [scheduling-1    ] INFO  ThreadPoolDataReportJob - 动态线程池，上报线程池信息：[{"activeCount":0,"appName":"dynamic-thread-pool-test-app","corePoolSize":0,"maximumPoolSize":100,"poolSize":0,"queueSize":0,"queueType":"LinkedBlockingQueue","remainingCapacity":0,"threadPoolName":"threadPoolExecutor01"},{"activeCount":0,"appName":"dynamic-thread-pool-test-app","corePoolSize":20,"maximumPoolSize":50,"poolSize":0,"queueSize":0,"queueType":"LinkedBlockingQueue","remainingCapacity":0,"threadPoolName":"threadPoolExecutor02"}]
24-05-26.15:17:20.046 [scheduling-1    ] INFO  ThreadPoolDataReportJob - 动态线程池，上报线程池配置：{"activeCount":0,"appName":"dynamic-thread-pool-test-app","corePoolSize":0,"maximumPoolSize":100,"poolSize":0,"queueSize":0,"queueType":"LinkedBlockingQueue","remainingCapacity":0,"threadPoolName":"threadPoolExecutor01"}
24-05-26.15:17:20.048 [scheduling-1    ] INFO  ThreadPoolDataReportJob - 动态线程池，上报线程池配置：{"activeCount":0,"appName":"dynamic-thread-pool-test-app","corePoolSize":20,"maximumPoolSize":50,"poolSize":0,"queueSize":0,"queueType":"LinkedBlockingQueue","remainingCapacity":0,"threadPoolName":"threadPoolExecutor02"}
24-05-26.15:17:48.814 [main            ] INFO  Application            - Starting Application using Java 1.8.0_341 on bogon with PID 52007 (/Users/odin/Desktop/dynamic-thread-pool/dynamic-thread-pool-test/target/classes started by odin in /Users/odin/Desktop/dynamic-thread-pool)
24-05-26.15:17:48.816 [main            ] INFO  Application            - The following 1 profile is active: "dev"
24-05-26.15:17:49.747 [main            ] INFO  RepositoryConfigurationDelegate - Multiple Spring Data modules found, entering strict repository configuration mode
24-05-26.15:17:49.749 [main            ] INFO  RepositoryConfigurationDelegate - Bootstrapping Spring Data Redis repositories in DEFAULT mode.
24-05-26.15:17:49.780 [main            ] INFO  RepositoryConfigurationDelegate - Finished Spring Data repository scanning in 20 ms. Found 0 Redis repository interfaces.
24-05-26.15:17:50.279 [main            ] INFO  TomcatWebServer        - Tomcat initialized with port(s): 8091 (http)
24-05-26.15:17:50.284 [main            ] INFO  Http11NioProtocol      - Initializing ProtocolHandler ["http-nio-8091"]
24-05-26.15:17:50.285 [main            ] INFO  StandardService        - Starting service [Tomcat]
24-05-26.15:17:50.285 [main            ] INFO  StandardEngine         - Starting Servlet engine: [Apache Tomcat/9.0.75]
24-05-26.15:17:50.449 [main            ] INFO  [/]                    - Initializing Spring embedded WebApplicationContext
24-05-26.15:17:50.450 [main            ] INFO  ServletWebServerApplicationContext - Root WebApplicationContext: initialization completed in 1594 ms
24-05-26.15:17:51.134 [main            ] INFO  Version                - Redisson 3.26.0
24-05-26.15:17:51.164 [main            ] WARN  DnsServerAddressStreamProviders - Can not find io.netty.resolver.dns.macos.MacOSDnsServerAddressStreamProvider in the classpath, fallback to system defaults. This may result in incorrect DNS resolutions on MacOS. Check whether you have a dependency on 'io.netty:netty-resolver-dns-native-macos'
24-05-26.15:17:51.280 [redisson-netty-1-11] INFO  ConnectionsHolder      - 1 connections initialized for 127.0.0.1/127.0.0.1:16379
24-05-26.15:17:51.289 [redisson-netty-1-23] INFO  ConnectionsHolder      - 10 connections initialized for 127.0.0.1/127.0.0.1:16379
24-05-26.15:17:51.343 [main            ] INFO  DynamicThreadPoolAutoConfig - 动态线程池，注册器（redis）链接初始化完成。127.0.0.1 64 true
24-05-26.15:17:51.418 [main            ] INFO  DynamicThreadPoolAutoConfig - 应用名称为:dynamic-thread-pool-test-app - 线程池信息:["threadPoolExecutor01","threadPoolExecutor02"]
24-05-26.15:17:51.865 [main            ] INFO  EndpointLinksResolver  - Exposing 1 endpoint(s) beneath base path '/actuator'
24-05-26.15:17:51.899 [main            ] INFO  Http11NioProtocol      - Starting ProtocolHandler ["http-nio-8091"]
24-05-26.15:17:51.908 [main            ] INFO  TomcatWebServer        - Tomcat started on port(s): 8091 (http) with context path ''
24-05-26.15:17:51.928 [main            ] INFO  Application            - Started Application in 3.656 seconds (JVM running for 4.505)
24-05-26.15:18:00.079 [scheduling-1    ] INFO  ThreadPoolDataReportJob - 动态线程池，上报线程池信息：[{"activeCount":0,"appName":"dynamic-thread-pool-test-app","corePoolSize":0,"maximumPoolSize":100,"poolSize":0,"queueSize":0,"queueType":"LinkedBlockingQueue","remainingCapacity":0,"threadPoolName":"threadPoolExecutor01"},{"activeCount":0,"appName":"dynamic-thread-pool-test-app","corePoolSize":20,"maximumPoolSize":50,"poolSize":0,"queueSize":0,"queueType":"LinkedBlockingQueue","remainingCapacity":0,"threadPoolName":"threadPoolExecutor02"}]
24-05-26.15:18:00.083 [scheduling-1    ] INFO  ThreadPoolDataReportJob - 动态线程池，上报线程池配置：{"activeCount":0,"appName":"dynamic-thread-pool-test-app","corePoolSize":0,"maximumPoolSize":100,"poolSize":0,"queueSize":0,"queueType":"LinkedBlockingQueue","remainingCapacity":0,"threadPoolName":"threadPoolExecutor01"}
24-05-26.15:18:00.088 [scheduling-1    ] INFO  ThreadPoolDataReportJob - 动态线程池，上报线程池配置：{"activeCount":0,"appName":"dynamic-thread-pool-test-app","corePoolSize":20,"maximumPoolSize":50,"poolSize":0,"queueSize":0,"queueType":"LinkedBlockingQueue","remainingCapacity":0,"threadPoolName":"threadPoolExecutor02"}
24-05-26.15:18:20.021 [scheduling-1    ] INFO  ThreadPoolDataReportJob - 动态线程池，上报线程池信息：[{"activeCount":0,"appName":"dynamic-thread-pool-test-app","corePoolSize":0,"maximumPoolSize":100,"poolSize":0,"queueSize":0,"queueType":"LinkedBlockingQueue","remainingCapacity":0,"threadPoolName":"threadPoolExecutor01"},{"activeCount":0,"appName":"dynamic-thread-pool-test-app","corePoolSize":20,"maximumPoolSize":50,"poolSize":0,"queueSize":0,"queueType":"LinkedBlockingQueue","remainingCapacity":0,"threadPoolName":"threadPoolExecutor02"}]
24-05-26.15:18:20.030 [scheduling-1    ] INFO  ThreadPoolDataReportJob - 动态线程池，上报线程池配置：{"activeCount":0,"appName":"dynamic-thread-pool-test-app","corePoolSize":0,"maximumPoolSize":100,"poolSize":0,"queueSize":0,"queueType":"LinkedBlockingQueue","remainingCapacity":0,"threadPoolName":"threadPoolExecutor01"}
24-05-26.15:18:20.038 [scheduling-1    ] INFO  ThreadPoolDataReportJob - 动态线程池，上报线程池配置：{"activeCount":0,"appName":"dynamic-thread-pool-test-app","corePoolSize":20,"maximumPoolSize":50,"poolSize":0,"queueSize":0,"queueType":"LinkedBlockingQueue","remainingCapacity":0,"threadPoolName":"threadPoolExecutor02"}
24-05-26.15:18:40.042 [scheduling-1    ] INFO  ThreadPoolDataReportJob - 动态线程池，上报线程池信息：[{"activeCount":0,"appName":"dynamic-thread-pool-test-app","corePoolSize":0,"maximumPoolSize":100,"poolSize":0,"queueSize":0,"queueType":"LinkedBlockingQueue","remainingCapacity":0,"threadPoolName":"threadPoolExecutor01"},{"activeCount":0,"appName":"dynamic-thread-pool-test-app","corePoolSize":20,"maximumPoolSize":50,"poolSize":0,"queueSize":0,"queueType":"LinkedBlockingQueue","remainingCapacity":0,"threadPoolName":"threadPoolExecutor02"}]
24-05-26.15:18:40.051 [scheduling-1    ] INFO  ThreadPoolDataReportJob - 动态线程池，上报线程池配置：{"activeCount":0,"appName":"dynamic-thread-pool-test-app","corePoolSize":0,"maximumPoolSize":100,"poolSize":0,"queueSize":0,"queueType":"LinkedBlockingQueue","remainingCapacity":0,"threadPoolName":"threadPoolExecutor01"}
24-05-26.15:18:40.055 [scheduling-1    ] INFO  ThreadPoolDataReportJob - 动态线程池，上报线程池配置：{"activeCount":0,"appName":"dynamic-thread-pool-test-app","corePoolSize":20,"maximumPoolSize":50,"poolSize":0,"queueSize":0,"queueType":"LinkedBlockingQueue","remainingCapacity":0,"threadPoolName":"threadPoolExecutor02"}
24-05-26.15:19:00.035 [scheduling-1    ] INFO  ThreadPoolDataReportJob - 动态线程池，上报线程池信息：[{"activeCount":0,"appName":"dynamic-thread-pool-test-app","corePoolSize":0,"maximumPoolSize":100,"poolSize":0,"queueSize":0,"queueType":"LinkedBlockingQueue","remainingCapacity":0,"threadPoolName":"threadPoolExecutor01"},{"activeCount":0,"appName":"dynamic-thread-pool-test-app","corePoolSize":20,"maximumPoolSize":50,"poolSize":0,"queueSize":0,"queueType":"LinkedBlockingQueue","remainingCapacity":0,"threadPoolName":"threadPoolExecutor02"}]
24-05-26.15:19:00.041 [scheduling-1    ] INFO  ThreadPoolDataReportJob - 动态线程池，上报线程池配置：{"activeCount":0,"appName":"dynamic-thread-pool-test-app","corePoolSize":0,"maximumPoolSize":100,"poolSize":0,"queueSize":0,"queueType":"LinkedBlockingQueue","remainingCapacity":0,"threadPoolName":"threadPoolExecutor01"}
24-05-26.15:19:00.045 [scheduling-1    ] INFO  ThreadPoolDataReportJob - 动态线程池，上报线程池配置：{"activeCount":0,"appName":"dynamic-thread-pool-test-app","corePoolSize":20,"maximumPoolSize":50,"poolSize":0,"queueSize":0,"queueType":"LinkedBlockingQueue","remainingCapacity":0,"threadPoolName":"threadPoolExecutor02"}
24-05-26.15:19:20.032 [scheduling-1    ] INFO  ThreadPoolDataReportJob - 动态线程池，上报线程池信息：[{"activeCount":0,"appName":"dynamic-thread-pool-test-app","corePoolSize":0,"maximumPoolSize":100,"poolSize":0,"queueSize":0,"queueType":"LinkedBlockingQueue","remainingCapacity":0,"threadPoolName":"threadPoolExecutor01"},{"activeCount":0,"appName":"dynamic-thread-pool-test-app","corePoolSize":20,"maximumPoolSize":50,"poolSize":0,"queueSize":0,"queueType":"LinkedBlockingQueue","remainingCapacity":0,"threadPoolName":"threadPoolExecutor02"}]
24-05-26.15:19:20.046 [scheduling-1    ] INFO  ThreadPoolDataReportJob - 动态线程池，上报线程池配置：{"activeCount":0,"appName":"dynamic-thread-pool-test-app","corePoolSize":0,"maximumPoolSize":100,"poolSize":0,"queueSize":0,"queueType":"LinkedBlockingQueue","remainingCapacity":0,"threadPoolName":"threadPoolExecutor01"}
24-05-26.15:19:20.052 [scheduling-1    ] INFO  ThreadPoolDataReportJob - 动态线程池，上报线程池配置：{"activeCount":0,"appName":"dynamic-thread-pool-test-app","corePoolSize":20,"maximumPoolSize":50,"poolSize":0,"queueSize":0,"queueType":"LinkedBlockingQueue","remainingCapacity":0,"threadPoolName":"threadPoolExecutor02"}
24-05-26.15:19:40.030 [scheduling-1    ] INFO  ThreadPoolDataReportJob - 动态线程池，上报线程池信息：[{"activeCount":0,"appName":"dynamic-thread-pool-test-app","corePoolSize":0,"maximumPoolSize":100,"poolSize":0,"queueSize":0,"queueType":"LinkedBlockingQueue","remainingCapacity":0,"threadPoolName":"threadPoolExecutor01"},{"activeCount":0,"appName":"dynamic-thread-pool-test-app","corePoolSize":20,"maximumPoolSize":50,"poolSize":0,"queueSize":0,"queueType":"LinkedBlockingQueue","remainingCapacity":0,"threadPoolName":"threadPoolExecutor02"}]
24-05-26.15:19:40.039 [scheduling-1    ] INFO  ThreadPoolDataReportJob - 动态线程池，上报线程池配置：{"activeCount":0,"appName":"dynamic-thread-pool-test-app","corePoolSize":0,"maximumPoolSize":100,"poolSize":0,"queueSize":0,"queueType":"LinkedBlockingQueue","remainingCapacity":0,"threadPoolName":"threadPoolExecutor01"}
24-05-26.15:19:40.044 [scheduling-1    ] INFO  ThreadPoolDataReportJob - 动态线程池，上报线程池配置：{"activeCount":0,"appName":"dynamic-thread-pool-test-app","corePoolSize":20,"maximumPoolSize":50,"poolSize":0,"queueSize":0,"queueType":"LinkedBlockingQueue","remainingCapacity":0,"threadPoolName":"threadPoolExecutor02"}
24-05-26.15:20:00.034 [scheduling-1    ] INFO  ThreadPoolDataReportJob - 动态线程池，上报线程池信息：[{"activeCount":0,"appName":"dynamic-thread-pool-test-app","corePoolSize":0,"maximumPoolSize":100,"poolSize":0,"queueSize":0,"queueType":"LinkedBlockingQueue","remainingCapacity":0,"threadPoolName":"threadPoolExecutor01"},{"activeCount":0,"appName":"dynamic-thread-pool-test-app","corePoolSize":20,"maximumPoolSize":50,"poolSize":0,"queueSize":0,"queueType":"LinkedBlockingQueue","remainingCapacity":0,"threadPoolName":"threadPoolExecutor02"}]
24-05-26.15:20:00.041 [scheduling-1    ] INFO  ThreadPoolDataReportJob - 动态线程池，上报线程池配置：{"activeCount":0,"appName":"dynamic-thread-pool-test-app","corePoolSize":0,"maximumPoolSize":100,"poolSize":0,"queueSize":0,"queueType":"LinkedBlockingQueue","remainingCapacity":0,"threadPoolName":"threadPoolExecutor01"}
24-05-26.15:20:00.047 [scheduling-1    ] INFO  ThreadPoolDataReportJob - 动态线程池，上报线程池配置：{"activeCount":0,"appName":"dynamic-thread-pool-test-app","corePoolSize":20,"maximumPoolSize":50,"poolSize":0,"queueSize":0,"queueType":"LinkedBlockingQueue","remainingCapacity":0,"threadPoolName":"threadPoolExecutor02"}
24-05-26.15:20:20.033 [scheduling-1    ] INFO  ThreadPoolDataReportJob - 动态线程池，上报线程池信息：[{"activeCount":0,"appName":"dynamic-thread-pool-test-app","corePoolSize":0,"maximumPoolSize":100,"poolSize":0,"queueSize":0,"queueType":"LinkedBlockingQueue","remainingCapacity":0,"threadPoolName":"threadPoolExecutor01"},{"activeCount":0,"appName":"dynamic-thread-pool-test-app","corePoolSize":20,"maximumPoolSize":50,"poolSize":0,"queueSize":0,"queueType":"LinkedBlockingQueue","remainingCapacity":0,"threadPoolName":"threadPoolExecutor02"}]
24-05-26.15:20:20.046 [scheduling-1    ] INFO  ThreadPoolDataReportJob - 动态线程池，上报线程池配置：{"activeCount":0,"appName":"dynamic-thread-pool-test-app","corePoolSize":0,"maximumPoolSize":100,"poolSize":0,"queueSize":0,"queueType":"LinkedBlockingQueue","remainingCapacity":0,"threadPoolName":"threadPoolExecutor01"}
24-05-26.15:20:20.057 [scheduling-1    ] INFO  ThreadPoolDataReportJob - 动态线程池，上报线程池配置：{"activeCount":0,"appName":"dynamic-thread-pool-test-app","corePoolSize":20,"maximumPoolSize":50,"poolSize":0,"queueSize":0,"queueType":"LinkedBlockingQueue","remainingCapacity":0,"threadPoolName":"threadPoolExecutor02"}
24-05-26.15:20:40.034 [scheduling-1    ] INFO  ThreadPoolDataReportJob - 动态线程池，上报线程池信息：[{"activeCount":0,"appName":"dynamic-thread-pool-test-app","corePoolSize":0,"maximumPoolSize":100,"poolSize":0,"queueSize":0,"queueType":"LinkedBlockingQueue","remainingCapacity":0,"threadPoolName":"threadPoolExecutor01"},{"activeCount":0,"appName":"dynamic-thread-pool-test-app","corePoolSize":20,"maximumPoolSize":50,"poolSize":0,"queueSize":0,"queueType":"LinkedBlockingQueue","remainingCapacity":0,"threadPoolName":"threadPoolExecutor02"}]
24-05-26.15:20:40.052 [scheduling-1    ] INFO  ThreadPoolDataReportJob - 动态线程池，上报线程池配置：{"activeCount":0,"appName":"dynamic-thread-pool-test-app","corePoolSize":0,"maximumPoolSize":100,"poolSize":0,"queueSize":0,"queueType":"LinkedBlockingQueue","remainingCapacity":0,"threadPoolName":"threadPoolExecutor01"}
24-05-26.15:20:40.057 [scheduling-1    ] INFO  ThreadPoolDataReportJob - 动态线程池，上报线程池配置：{"activeCount":0,"appName":"dynamic-thread-pool-test-app","corePoolSize":20,"maximumPoolSize":50,"poolSize":0,"queueSize":0,"queueType":"LinkedBlockingQueue","remainingCapacity":0,"threadPoolName":"threadPoolExecutor02"}
24-05-26.15:21:00.039 [scheduling-1    ] INFO  ThreadPoolDataReportJob - 动态线程池，上报线程池信息：[{"activeCount":0,"appName":"dynamic-thread-pool-test-app","corePoolSize":0,"maximumPoolSize":100,"poolSize":0,"queueSize":0,"queueType":"LinkedBlockingQueue","remainingCapacity":0,"threadPoolName":"threadPoolExecutor01"},{"activeCount":0,"appName":"dynamic-thread-pool-test-app","corePoolSize":20,"maximumPoolSize":50,"poolSize":0,"queueSize":0,"queueType":"LinkedBlockingQueue","remainingCapacity":0,"threadPoolName":"threadPoolExecutor02"}]
24-05-26.15:21:00.048 [scheduling-1    ] INFO  ThreadPoolDataReportJob - 动态线程池，上报线程池配置：{"activeCount":0,"appName":"dynamic-thread-pool-test-app","corePoolSize":0,"maximumPoolSize":100,"poolSize":0,"queueSize":0,"queueType":"LinkedBlockingQueue","remainingCapacity":0,"threadPoolName":"threadPoolExecutor01"}
24-05-26.15:21:00.051 [scheduling-1    ] INFO  ThreadPoolDataReportJob - 动态线程池，上报线程池配置：{"activeCount":0,"appName":"dynamic-thread-pool-test-app","corePoolSize":20,"maximumPoolSize":50,"poolSize":0,"queueSize":0,"queueType":"LinkedBlockingQueue","remainingCapacity":0,"threadPoolName":"threadPoolExecutor02"}
24-05-26.15:21:20.019 [scheduling-1    ] INFO  ThreadPoolDataReportJob - 动态线程池，上报线程池信息：[{"activeCount":0,"appName":"dynamic-thread-pool-test-app","corePoolSize":0,"maximumPoolSize":100,"poolSize":0,"queueSize":0,"queueType":"LinkedBlockingQueue","remainingCapacity":0,"threadPoolName":"threadPoolExecutor01"},{"activeCount":0,"appName":"dynamic-thread-pool-test-app","corePoolSize":20,"maximumPoolSize":50,"poolSize":0,"queueSize":0,"queueType":"LinkedBlockingQueue","remainingCapacity":0,"threadPoolName":"threadPoolExecutor02"}]
24-05-26.15:21:20.035 [scheduling-1    ] INFO  ThreadPoolDataReportJob - 动态线程池，上报线程池配置：{"activeCount":0,"appName":"dynamic-thread-pool-test-app","corePoolSize":0,"maximumPoolSize":100,"poolSize":0,"queueSize":0,"queueType":"LinkedBlockingQueue","remainingCapacity":0,"threadPoolName":"threadPoolExecutor01"}
24-05-26.15:21:20.049 [scheduling-1    ] INFO  ThreadPoolDataReportJob - 动态线程池，上报线程池配置：{"activeCount":0,"appName":"dynamic-thread-pool-test-app","corePoolSize":20,"maximumPoolSize":50,"poolSize":0,"queueSize":0,"queueType":"LinkedBlockingQueue","remainingCapacity":0,"threadPoolName":"threadPoolExecutor02"}
24-05-26.15:21:40.013 [scheduling-1    ] INFO  ThreadPoolDataReportJob - 动态线程池，上报线程池信息：[{"activeCount":0,"appName":"dynamic-thread-pool-test-app","corePoolSize":0,"maximumPoolSize":100,"poolSize":0,"queueSize":0,"queueType":"LinkedBlockingQueue","remainingCapacity":0,"threadPoolName":"threadPoolExecutor01"},{"activeCount":0,"appName":"dynamic-thread-pool-test-app","corePoolSize":20,"maximumPoolSize":50,"poolSize":0,"queueSize":0,"queueType":"LinkedBlockingQueue","remainingCapacity":0,"threadPoolName":"threadPoolExecutor02"}]
24-05-26.15:21:40.018 [scheduling-1    ] INFO  ThreadPoolDataReportJob - 动态线程池，上报线程池配置：{"activeCount":0,"appName":"dynamic-thread-pool-test-app","corePoolSize":0,"maximumPoolSize":100,"poolSize":0,"queueSize":0,"queueType":"LinkedBlockingQueue","remainingCapacity":0,"threadPoolName":"threadPoolExecutor01"}
24-05-26.15:21:40.021 [scheduling-1    ] INFO  ThreadPoolDataReportJob - 动态线程池，上报线程池配置：{"activeCount":0,"appName":"dynamic-thread-pool-test-app","corePoolSize":20,"maximumPoolSize":50,"poolSize":0,"queueSize":0,"queueType":"LinkedBlockingQueue","remainingCapacity":0,"threadPoolName":"threadPoolExecutor02"}
24-05-26.15:22:00.029 [scheduling-1    ] INFO  ThreadPoolDataReportJob - 动态线程池，上报线程池信息：[{"activeCount":0,"appName":"dynamic-thread-pool-test-app","corePoolSize":0,"maximumPoolSize":100,"poolSize":0,"queueSize":0,"queueType":"LinkedBlockingQueue","remainingCapacity":0,"threadPoolName":"threadPoolExecutor01"},{"activeCount":0,"appName":"dynamic-thread-pool-test-app","corePoolSize":20,"maximumPoolSize":50,"poolSize":0,"queueSize":0,"queueType":"LinkedBlockingQueue","remainingCapacity":0,"threadPoolName":"threadPoolExecutor02"}]
24-05-26.15:22:00.039 [scheduling-1    ] INFO  ThreadPoolDataReportJob - 动态线程池，上报线程池配置：{"activeCount":0,"appName":"dynamic-thread-pool-test-app","corePoolSize":0,"maximumPoolSize":100,"poolSize":0,"queueSize":0,"queueType":"LinkedBlockingQueue","remainingCapacity":0,"threadPoolName":"threadPoolExecutor01"}
24-05-26.15:22:00.049 [scheduling-1    ] INFO  ThreadPoolDataReportJob - 动态线程池，上报线程池配置：{"activeCount":0,"appName":"dynamic-thread-pool-test-app","corePoolSize":20,"maximumPoolSize":50,"poolSize":0,"queueSize":0,"queueType":"LinkedBlockingQueue","remainingCapacity":0,"threadPoolName":"threadPoolExecutor02"}
24-05-26.15:22:20.013 [scheduling-1    ] INFO  ThreadPoolDataReportJob - 动态线程池，上报线程池信息：[{"activeCount":0,"appName":"dynamic-thread-pool-test-app","corePoolSize":0,"maximumPoolSize":100,"poolSize":0,"queueSize":0,"queueType":"LinkedBlockingQueue","remainingCapacity":0,"threadPoolName":"threadPoolExecutor01"},{"activeCount":0,"appName":"dynamic-thread-pool-test-app","corePoolSize":20,"maximumPoolSize":50,"poolSize":0,"queueSize":0,"queueType":"LinkedBlockingQueue","remainingCapacity":0,"threadPoolName":"threadPoolExecutor02"}]
24-05-26.15:22:20.017 [scheduling-1    ] INFO  ThreadPoolDataReportJob - 动态线程池，上报线程池配置：{"activeCount":0,"appName":"dynamic-thread-pool-test-app","corePoolSize":0,"maximumPoolSize":100,"poolSize":0,"queueSize":0,"queueType":"LinkedBlockingQueue","remainingCapacity":0,"threadPoolName":"threadPoolExecutor01"}
24-05-26.15:22:20.023 [scheduling-1    ] INFO  ThreadPoolDataReportJob - 动态线程池，上报线程池配置：{"activeCount":0,"appName":"dynamic-thread-pool-test-app","corePoolSize":20,"maximumPoolSize":50,"poolSize":0,"queueSize":0,"queueType":"LinkedBlockingQueue","remainingCapacity":0,"threadPoolName":"threadPoolExecutor02"}
24-05-26.15:22:40.062 [scheduling-1    ] INFO  ThreadPoolDataReportJob - 动态线程池，上报线程池信息：[{"activeCount":0,"appName":"dynamic-thread-pool-test-app","corePoolSize":0,"maximumPoolSize":100,"poolSize":0,"queueSize":0,"queueType":"LinkedBlockingQueue","remainingCapacity":0,"threadPoolName":"threadPoolExecutor01"},{"activeCount":0,"appName":"dynamic-thread-pool-test-app","corePoolSize":20,"maximumPoolSize":50,"poolSize":0,"queueSize":0,"queueType":"LinkedBlockingQueue","remainingCapacity":0,"threadPoolName":"threadPoolExecutor02"}]
24-05-26.15:22:40.075 [scheduling-1    ] INFO  ThreadPoolDataReportJob - 动态线程池，上报线程池配置：{"activeCount":0,"appName":"dynamic-thread-pool-test-app","corePoolSize":0,"maximumPoolSize":100,"poolSize":0,"queueSize":0,"queueType":"LinkedBlockingQueue","remainingCapacity":0,"threadPoolName":"threadPoolExecutor01"}
24-05-26.15:22:40.088 [scheduling-1    ] INFO  ThreadPoolDataReportJob - 动态线程池，上报线程池配置：{"activeCount":0,"appName":"dynamic-thread-pool-test-app","corePoolSize":20,"maximumPoolSize":50,"poolSize":0,"queueSize":0,"queueType":"LinkedBlockingQueue","remainingCapacity":0,"threadPoolName":"threadPoolExecutor02"}
24-05-26.15:22:57.122 [main            ] INFO  Application            - Starting Application using Java 1.8.0_341 on bogon with PID 52560 (/Users/odin/Desktop/dynamic-thread-pool/dynamic-thread-pool-test/target/classes started by odin in /Users/odin/Desktop/dynamic-thread-pool)
24-05-26.15:22:57.125 [main            ] INFO  Application            - The following 1 profile is active: "dev"
24-05-26.15:22:58.232 [main            ] INFO  RepositoryConfigurationDelegate - Multiple Spring Data modules found, entering strict repository configuration mode
24-05-26.15:22:58.234 [main            ] INFO  RepositoryConfigurationDelegate - Bootstrapping Spring Data Redis repositories in DEFAULT mode.
24-05-26.15:22:58.271 [main            ] INFO  RepositoryConfigurationDelegate - Finished Spring Data repository scanning in 20 ms. Found 0 Redis repository interfaces.
24-05-26.15:22:58.805 [main            ] INFO  TomcatWebServer        - Tomcat initialized with port(s): 8091 (http)
24-05-26.15:22:58.811 [main            ] INFO  Http11NioProtocol      - Initializing ProtocolHandler ["http-nio-8091"]
24-05-26.15:22:58.812 [main            ] INFO  StandardService        - Starting service [Tomcat]
24-05-26.15:22:58.812 [main            ] INFO  StandardEngine         - Starting Servlet engine: [Apache Tomcat/9.0.75]
24-05-26.15:22:58.957 [main            ] INFO  [/]                    - Initializing Spring embedded WebApplicationContext
24-05-26.15:22:58.958 [main            ] INFO  ServletWebServerApplicationContext - Root WebApplicationContext: initialization completed in 1775 ms
24-05-26.15:23:30.941 [main            ] INFO  Version                - Redisson 3.26.0
24-05-26.15:23:30.978 [main            ] WARN  DnsServerAddressStreamProviders - Can not find io.netty.resolver.dns.macos.MacOSDnsServerAddressStreamProvider in the classpath, fallback to system defaults. This may result in incorrect DNS resolutions on MacOS. Check whether you have a dependency on 'io.netty:netty-resolver-dns-native-macos'
24-05-26.15:23:31.257 [redisson-netty-1-11] INFO  ConnectionsHolder      - 1 connections initialized for 127.0.0.1/127.0.0.1:16379
24-05-26.15:23:31.284 [redisson-netty-1-23] INFO  ConnectionsHolder      - 10 connections initialized for 127.0.0.1/127.0.0.1:16379
24-05-26.15:23:31.370 [main            ] INFO  DynamicThreadPoolAutoConfig - 动态线程池，注册器（redis）链接初始化完成。127.0.0.1 64 true
24-05-26.15:23:31.474 [main            ] INFO  DynamicThreadPoolAutoConfig - 应用名称为:dynamic-thread-pool-test-app - 线程池信息:["threadPoolExecutor01","threadPoolExecutor02"]
24-05-26.15:23:32.069 [main            ] INFO  EndpointLinksResolver  - Exposing 1 endpoint(s) beneath base path '/actuator'
24-05-26.15:23:32.110 [main            ] INFO  Http11NioProtocol      - Starting ProtocolHandler ["http-nio-8091"]
24-05-26.15:23:32.121 [main            ] INFO  TomcatWebServer        - Tomcat started on port(s): 8091 (http) with context path ''
24-05-26.15:23:32.145 [main            ] INFO  Application            - Started Application in 35.965 seconds (JVM running for 37.262)
24-05-26.15:23:40.106 [scheduling-1    ] INFO  ThreadPoolDataReportJob - 动态线程池，上报线程池信息：[{"activeCount":0,"appName":"dynamic-thread-pool-test-app","corePoolSize":0,"maximumPoolSize":100,"poolSize":0,"queueSize":0,"queueType":"LinkedBlockingQueue","remainingCapacity":0,"threadPoolName":"threadPoolExecutor01"},{"activeCount":0,"appName":"dynamic-thread-pool-test-app","corePoolSize":20,"maximumPoolSize":50,"poolSize":0,"queueSize":0,"queueType":"LinkedBlockingQueue","remainingCapacity":0,"threadPoolName":"threadPoolExecutor02"}]
24-05-26.15:23:40.112 [scheduling-1    ] INFO  ThreadPoolDataReportJob - 动态线程池，上报线程池配置：{"activeCount":0,"appName":"dynamic-thread-pool-test-app","corePoolSize":0,"maximumPoolSize":100,"poolSize":0,"queueSize":0,"queueType":"LinkedBlockingQueue","remainingCapacity":0,"threadPoolName":"threadPoolExecutor01"}
24-05-26.15:23:40.115 [scheduling-1    ] INFO  ThreadPoolDataReportJob - 动态线程池，上报线程池配置：{"activeCount":0,"appName":"dynamic-thread-pool-test-app","corePoolSize":20,"maximumPoolSize":50,"poolSize":0,"queueSize":0,"queueType":"LinkedBlockingQueue","remainingCapacity":0,"threadPoolName":"threadPoolExecutor02"}
24-05-26.15:24:00.020 [scheduling-1    ] INFO  ThreadPoolDataReportJob - 动态线程池，上报线程池信息：[{"activeCount":0,"appName":"dynamic-thread-pool-test-app","corePoolSize":0,"maximumPoolSize":100,"poolSize":0,"queueSize":0,"queueType":"LinkedBlockingQueue","remainingCapacity":0,"threadPoolName":"threadPoolExecutor01"},{"activeCount":0,"appName":"dynamic-thread-pool-test-app","corePoolSize":20,"maximumPoolSize":50,"poolSize":0,"queueSize":0,"queueType":"LinkedBlockingQueue","remainingCapacity":0,"threadPoolName":"threadPoolExecutor02"}]
24-05-26.15:24:00.042 [scheduling-1    ] INFO  ThreadPoolDataReportJob - 动态线程池，上报线程池配置：{"activeCount":0,"appName":"dynamic-thread-pool-test-app","corePoolSize":0,"maximumPoolSize":100,"poolSize":0,"queueSize":0,"queueType":"LinkedBlockingQueue","remainingCapacity":0,"threadPoolName":"threadPoolExecutor01"}
24-05-26.15:24:00.047 [scheduling-1    ] INFO  ThreadPoolDataReportJob - 动态线程池，上报线程池配置：{"activeCount":0,"appName":"dynamic-thread-pool-test-app","corePoolSize":20,"maximumPoolSize":50,"poolSize":0,"queueSize":0,"queueType":"LinkedBlockingQueue","remainingCapacity":0,"threadPoolName":"threadPoolExecutor02"}
24-05-26.15:24:20.030 [scheduling-1    ] INFO  ThreadPoolDataReportJob - 动态线程池，上报线程池信息：[{"activeCount":0,"appName":"dynamic-thread-pool-test-app","corePoolSize":0,"maximumPoolSize":100,"poolSize":0,"queueSize":0,"queueType":"LinkedBlockingQueue","remainingCapacity":0,"threadPoolName":"threadPoolExecutor01"},{"activeCount":0,"appName":"dynamic-thread-pool-test-app","corePoolSize":20,"maximumPoolSize":50,"poolSize":0,"queueSize":0,"queueType":"LinkedBlockingQueue","remainingCapacity":0,"threadPoolName":"threadPoolExecutor02"}]
24-05-26.15:24:20.035 [scheduling-1    ] INFO  ThreadPoolDataReportJob - 动态线程池，上报线程池配置：{"activeCount":0,"appName":"dynamic-thread-pool-test-app","corePoolSize":0,"maximumPoolSize":100,"poolSize":0,"queueSize":0,"queueType":"LinkedBlockingQueue","remainingCapacity":0,"threadPoolName":"threadPoolExecutor01"}
24-05-26.15:24:20.041 [scheduling-1    ] INFO  ThreadPoolDataReportJob - 动态线程池，上报线程池配置：{"activeCount":0,"appName":"dynamic-thread-pool-test-app","corePoolSize":20,"maximumPoolSize":50,"poolSize":0,"queueSize":0,"queueType":"LinkedBlockingQueue","remainingCapacity":0,"threadPoolName":"threadPoolExecutor02"}
24-05-26.15:24:40.043 [scheduling-1    ] INFO  ThreadPoolDataReportJob - 动态线程池，上报线程池信息：[{"activeCount":0,"appName":"dynamic-thread-pool-test-app","corePoolSize":0,"maximumPoolSize":100,"poolSize":0,"queueSize":0,"queueType":"LinkedBlockingQueue","remainingCapacity":0,"threadPoolName":"threadPoolExecutor01"},{"activeCount":0,"appName":"dynamic-thread-pool-test-app","corePoolSize":20,"maximumPoolSize":50,"poolSize":0,"queueSize":0,"queueType":"LinkedBlockingQueue","remainingCapacity":0,"threadPoolName":"threadPoolExecutor02"}]
24-05-26.15:24:40.051 [scheduling-1    ] INFO  ThreadPoolDataReportJob - 动态线程池，上报线程池配置：{"activeCount":0,"appName":"dynamic-thread-pool-test-app","corePoolSize":0,"maximumPoolSize":100,"poolSize":0,"queueSize":0,"queueType":"LinkedBlockingQueue","remainingCapacity":0,"threadPoolName":"threadPoolExecutor01"}
24-05-26.15:24:40.060 [scheduling-1    ] INFO  ThreadPoolDataReportJob - 动态线程池，上报线程池配置：{"activeCount":0,"appName":"dynamic-thread-pool-test-app","corePoolSize":20,"maximumPoolSize":50,"poolSize":0,"queueSize":0,"queueType":"LinkedBlockingQueue","remainingCapacity":0,"threadPoolName":"threadPoolExecutor02"}
24-05-26.15:25:00.060 [scheduling-1    ] INFO  ThreadPoolDataReportJob - 动态线程池，上报线程池信息：[{"activeCount":0,"appName":"dynamic-thread-pool-test-app","corePoolSize":0,"maximumPoolSize":100,"poolSize":0,"queueSize":0,"queueType":"LinkedBlockingQueue","remainingCapacity":0,"threadPoolName":"threadPoolExecutor01"},{"activeCount":0,"appName":"dynamic-thread-pool-test-app","corePoolSize":20,"maximumPoolSize":50,"poolSize":0,"queueSize":0,"queueType":"LinkedBlockingQueue","remainingCapacity":0,"threadPoolName":"threadPoolExecutor02"}]
24-05-26.15:25:00.067 [scheduling-1    ] INFO  ThreadPoolDataReportJob - 动态线程池，上报线程池配置：{"activeCount":0,"appName":"dynamic-thread-pool-test-app","corePoolSize":0,"maximumPoolSize":100,"poolSize":0,"queueSize":0,"queueType":"LinkedBlockingQueue","remainingCapacity":0,"threadPoolName":"threadPoolExecutor01"}
24-05-26.15:25:00.071 [scheduling-1    ] INFO  ThreadPoolDataReportJob - 动态线程池，上报线程池配置：{"activeCount":0,"appName":"dynamic-thread-pool-test-app","corePoolSize":20,"maximumPoolSize":50,"poolSize":0,"queueSize":0,"queueType":"LinkedBlockingQueue","remainingCapacity":0,"threadPoolName":"threadPoolExecutor02"}
24-05-26.15:25:20.041 [scheduling-1    ] INFO  ThreadPoolDataReportJob - 动态线程池，上报线程池信息：[{"activeCount":0,"appName":"dynamic-thread-pool-test-app","corePoolSize":0,"maximumPoolSize":100,"poolSize":0,"queueSize":0,"queueType":"LinkedBlockingQueue","remainingCapacity":0,"threadPoolName":"threadPoolExecutor01"},{"activeCount":0,"appName":"dynamic-thread-pool-test-app","corePoolSize":20,"maximumPoolSize":50,"poolSize":0,"queueSize":0,"queueType":"LinkedBlockingQueue","remainingCapacity":0,"threadPoolName":"threadPoolExecutor02"}]
24-05-26.15:25:20.049 [scheduling-1    ] INFO  ThreadPoolDataReportJob - 动态线程池，上报线程池配置：{"activeCount":0,"appName":"dynamic-thread-pool-test-app","corePoolSize":0,"maximumPoolSize":100,"poolSize":0,"queueSize":0,"queueType":"LinkedBlockingQueue","remainingCapacity":0,"threadPoolName":"threadPoolExecutor01"}
24-05-26.15:25:20.057 [scheduling-1    ] INFO  ThreadPoolDataReportJob - 动态线程池，上报线程池配置：{"activeCount":0,"appName":"dynamic-thread-pool-test-app","corePoolSize":20,"maximumPoolSize":50,"poolSize":0,"queueSize":0,"queueType":"LinkedBlockingQueue","remainingCapacity":0,"threadPoolName":"threadPoolExecutor02"}
24-05-26.15:25:40.018 [scheduling-1    ] INFO  ThreadPoolDataReportJob - 动态线程池，上报线程池信息：[{"activeCount":0,"appName":"dynamic-thread-pool-test-app","corePoolSize":0,"maximumPoolSize":100,"poolSize":0,"queueSize":0,"queueType":"LinkedBlockingQueue","remainingCapacity":0,"threadPoolName":"threadPoolExecutor01"},{"activeCount":0,"appName":"dynamic-thread-pool-test-app","corePoolSize":20,"maximumPoolSize":50,"poolSize":0,"queueSize":0,"queueType":"LinkedBlockingQueue","remainingCapacity":0,"threadPoolName":"threadPoolExecutor02"}]
24-05-26.15:25:40.023 [scheduling-1    ] INFO  ThreadPoolDataReportJob - 动态线程池，上报线程池配置：{"activeCount":0,"appName":"dynamic-thread-pool-test-app","corePoolSize":0,"maximumPoolSize":100,"poolSize":0,"queueSize":0,"queueType":"LinkedBlockingQueue","remainingCapacity":0,"threadPoolName":"threadPoolExecutor01"}
24-05-26.15:25:40.026 [scheduling-1    ] INFO  ThreadPoolDataReportJob - 动态线程池，上报线程池配置：{"activeCount":0,"appName":"dynamic-thread-pool-test-app","corePoolSize":20,"maximumPoolSize":50,"poolSize":0,"queueSize":0,"queueType":"LinkedBlockingQueue","remainingCapacity":0,"threadPoolName":"threadPoolExecutor02"}
24-05-26.15:26:00.047 [scheduling-1    ] INFO  ThreadPoolDataReportJob - 动态线程池，上报线程池信息：[{"activeCount":0,"appName":"dynamic-thread-pool-test-app","corePoolSize":0,"maximumPoolSize":100,"poolSize":0,"queueSize":0,"queueType":"LinkedBlockingQueue","remainingCapacity":0,"threadPoolName":"threadPoolExecutor01"},{"activeCount":0,"appName":"dynamic-thread-pool-test-app","corePoolSize":20,"maximumPoolSize":50,"poolSize":0,"queueSize":0,"queueType":"LinkedBlockingQueue","remainingCapacity":0,"threadPoolName":"threadPoolExecutor02"}]
24-05-26.15:26:00.058 [scheduling-1    ] INFO  ThreadPoolDataReportJob - 动态线程池，上报线程池配置：{"activeCount":0,"appName":"dynamic-thread-pool-test-app","corePoolSize":0,"maximumPoolSize":100,"poolSize":0,"queueSize":0,"queueType":"LinkedBlockingQueue","remainingCapacity":0,"threadPoolName":"threadPoolExecutor01"}
24-05-26.15:26:00.068 [scheduling-1    ] INFO  ThreadPoolDataReportJob - 动态线程池，上报线程池配置：{"activeCount":0,"appName":"dynamic-thread-pool-test-app","corePoolSize":20,"maximumPoolSize":50,"poolSize":0,"queueSize":0,"queueType":"LinkedBlockingQueue","remainingCapacity":0,"threadPoolName":"threadPoolExecutor02"}
24-05-26.15:26:07.738 [main            ] INFO  Application            - Starting Application using Java 1.8.0_341 on bogon with PID 52826 (/Users/odin/Desktop/dynamic-thread-pool/dynamic-thread-pool-test/target/classes started by odin in /Users/odin/Desktop/dynamic-thread-pool)
24-05-26.15:26:07.740 [main            ] INFO  Application            - The following 1 profile is active: "dev"
24-05-26.15:26:08.776 [main            ] INFO  RepositoryConfigurationDelegate - Multiple Spring Data modules found, entering strict repository configuration mode
24-05-26.15:26:08.779 [main            ] INFO  RepositoryConfigurationDelegate - Bootstrapping Spring Data Redis repositories in DEFAULT mode.
24-05-26.15:26:08.806 [main            ] INFO  RepositoryConfigurationDelegate - Finished Spring Data repository scanning in 16 ms. Found 0 Redis repository interfaces.
24-05-26.15:26:09.295 [main            ] INFO  TomcatWebServer        - Tomcat initialized with port(s): 8091 (http)
24-05-26.15:26:09.301 [main            ] INFO  Http11NioProtocol      - Initializing ProtocolHandler ["http-nio-8091"]
24-05-26.15:26:09.302 [main            ] INFO  StandardService        - Starting service [Tomcat]
24-05-26.15:26:09.302 [main            ] INFO  StandardEngine         - Starting Servlet engine: [Apache Tomcat/9.0.75]
24-05-26.15:26:09.472 [main            ] INFO  [/]                    - Initializing Spring embedded WebApplicationContext
24-05-26.15:26:09.473 [main            ] INFO  ServletWebServerApplicationContext - Root WebApplicationContext: initialization completed in 1685 ms
24-05-26.15:26:15.690 [main            ] INFO  Version                - Redisson 3.26.0
24-05-26.15:26:15.727 [main            ] WARN  DnsServerAddressStreamProviders - Can not find io.netty.resolver.dns.macos.MacOSDnsServerAddressStreamProvider in the classpath, fallback to system defaults. This may result in incorrect DNS resolutions on MacOS. Check whether you have a dependency on 'io.netty:netty-resolver-dns-native-macos'
24-05-26.15:26:15.927 [redisson-netty-1-8] INFO  ConnectionsHolder      - 1 connections initialized for 127.0.0.1/127.0.0.1:16379
24-05-26.15:26:15.952 [redisson-netty-1-23] INFO  ConnectionsHolder      - 10 connections initialized for 127.0.0.1/127.0.0.1:16379
24-05-26.15:26:16.021 [main            ] INFO  DynamicThreadPoolAutoConfig - 动态线程池，注册器（redis）链接初始化完成。127.0.0.1 64 true
24-05-26.15:26:16.136 [main            ] INFO  DynamicThreadPoolAutoConfig - 应用名称为:dynamic-thread-pool-test-app - 线程池信息:["threadPoolExecutor01","threadPoolExecutor02"]
24-05-26.15:27:21.844 [main            ] INFO  EndpointLinksResolver  - Exposing 1 endpoint(s) beneath base path '/actuator'
24-05-26.15:27:21.886 [main            ] INFO  Http11NioProtocol      - Starting ProtocolHandler ["http-nio-8091"]
24-05-26.15:27:21.898 [main            ] INFO  TomcatWebServer        - Tomcat started on port(s): 8091 (http) with context path ''
24-05-26.15:27:21.961 [main            ] INFO  Application            - Started Application in 74.839 seconds (JVM running for 76.166)
24-05-26.15:27:40.213 [scheduling-1    ] INFO  ThreadPoolDataReportJob - 动态线程池，上报线程池信息：[{"activeCount":0,"appName":"dynamic-thread-pool-test-app","corePoolSize":0,"maximumPoolSize":100,"poolSize":0,"queueSize":0,"queueType":"LinkedBlockingQueue","remainingCapacity":0,"threadPoolName":"threadPoolExecutor01"},{"activeCount":0,"appName":"dynamic-thread-pool-test-app","corePoolSize":20,"maximumPoolSize":50,"poolSize":0,"queueSize":0,"queueType":"LinkedBlockingQueue","remainingCapacity":0,"threadPoolName":"threadPoolExecutor02"}]
24-05-26.15:27:40.221 [scheduling-1    ] INFO  ThreadPoolDataReportJob - 动态线程池，上报线程池配置：{"activeCount":0,"appName":"dynamic-thread-pool-test-app","corePoolSize":0,"maximumPoolSize":100,"poolSize":0,"queueSize":0,"queueType":"LinkedBlockingQueue","remainingCapacity":0,"threadPoolName":"threadPoolExecutor01"}
24-05-26.15:27:40.225 [scheduling-1    ] INFO  ThreadPoolDataReportJob - 动态线程池，上报线程池配置：{"activeCount":0,"appName":"dynamic-thread-pool-test-app","corePoolSize":20,"maximumPoolSize":50,"poolSize":0,"queueSize":0,"queueType":"LinkedBlockingQueue","remainingCapacity":0,"threadPoolName":"threadPoolExecutor02"}
24-05-26.15:28:00.041 [scheduling-1    ] INFO  ThreadPoolDataReportJob - 动态线程池，上报线程池信息：[{"activeCount":0,"appName":"dynamic-thread-pool-test-app","corePoolSize":0,"maximumPoolSize":100,"poolSize":0,"queueSize":0,"queueType":"LinkedBlockingQueue","remainingCapacity":0,"threadPoolName":"threadPoolExecutor01"},{"activeCount":0,"appName":"dynamic-thread-pool-test-app","corePoolSize":20,"maximumPoolSize":50,"poolSize":0,"queueSize":0,"queueType":"LinkedBlockingQueue","remainingCapacity":0,"threadPoolName":"threadPoolExecutor02"}]
24-05-26.15:28:00.053 [scheduling-1    ] INFO  ThreadPoolDataReportJob - 动态线程池，上报线程池配置：{"activeCount":0,"appName":"dynamic-thread-pool-test-app","corePoolSize":0,"maximumPoolSize":100,"poolSize":0,"queueSize":0,"queueType":"LinkedBlockingQueue","remainingCapacity":0,"threadPoolName":"threadPoolExecutor01"}
24-05-26.15:28:00.061 [scheduling-1    ] INFO  ThreadPoolDataReportJob - 动态线程池，上报线程池配置：{"activeCount":0,"appName":"dynamic-thread-pool-test-app","corePoolSize":20,"maximumPoolSize":50,"poolSize":0,"queueSize":0,"queueType":"LinkedBlockingQueue","remainingCapacity":0,"threadPoolName":"threadPoolExecutor02"}
24-05-26.15:28:20.021 [scheduling-1    ] INFO  ThreadPoolDataReportJob - 动态线程池，上报线程池信息：[{"activeCount":0,"appName":"dynamic-thread-pool-test-app","corePoolSize":0,"maximumPoolSize":100,"poolSize":0,"queueSize":0,"queueType":"LinkedBlockingQueue","remainingCapacity":0,"threadPoolName":"threadPoolExecutor01"},{"activeCount":0,"appName":"dynamic-thread-pool-test-app","corePoolSize":20,"maximumPoolSize":50,"poolSize":0,"queueSize":0,"queueType":"LinkedBlockingQueue","remainingCapacity":0,"threadPoolName":"threadPoolExecutor02"}]
24-05-26.15:28:20.029 [scheduling-1    ] INFO  ThreadPoolDataReportJob - 动态线程池，上报线程池配置：{"activeCount":0,"appName":"dynamic-thread-pool-test-app","corePoolSize":0,"maximumPoolSize":100,"poolSize":0,"queueSize":0,"queueType":"LinkedBlockingQueue","remainingCapacity":0,"threadPoolName":"threadPoolExecutor01"}
24-05-26.15:28:20.039 [scheduling-1    ] INFO  ThreadPoolDataReportJob - 动态线程池，上报线程池配置：{"activeCount":0,"appName":"dynamic-thread-pool-test-app","corePoolSize":20,"maximumPoolSize":50,"poolSize":0,"queueSize":0,"queueType":"LinkedBlockingQueue","remainingCapacity":0,"threadPoolName":"threadPoolExecutor02"}
24-05-26.15:28:40.017 [scheduling-1    ] INFO  ThreadPoolDataReportJob - 动态线程池，上报线程池信息：[{"activeCount":0,"appName":"dynamic-thread-pool-test-app","corePoolSize":0,"maximumPoolSize":100,"poolSize":0,"queueSize":0,"queueType":"LinkedBlockingQueue","remainingCapacity":0,"threadPoolName":"threadPoolExecutor01"},{"activeCount":0,"appName":"dynamic-thread-pool-test-app","corePoolSize":20,"maximumPoolSize":50,"poolSize":0,"queueSize":0,"queueType":"LinkedBlockingQueue","remainingCapacity":0,"threadPoolName":"threadPoolExecutor02"}]
24-05-26.15:28:40.027 [scheduling-1    ] INFO  ThreadPoolDataReportJob - 动态线程池，上报线程池配置：{"activeCount":0,"appName":"dynamic-thread-pool-test-app","corePoolSize":0,"maximumPoolSize":100,"poolSize":0,"queueSize":0,"queueType":"LinkedBlockingQueue","remainingCapacity":0,"threadPoolName":"threadPoolExecutor01"}
24-05-26.15:28:40.033 [scheduling-1    ] INFO  ThreadPoolDataReportJob - 动态线程池，上报线程池配置：{"activeCount":0,"appName":"dynamic-thread-pool-test-app","corePoolSize":20,"maximumPoolSize":50,"poolSize":0,"queueSize":0,"queueType":"LinkedBlockingQueue","remainingCapacity":0,"threadPoolName":"threadPoolExecutor02"}
24-05-26.15:29:00.028 [scheduling-1    ] INFO  ThreadPoolDataReportJob - 动态线程池，上报线程池信息：[{"activeCount":0,"appName":"dynamic-thread-pool-test-app","corePoolSize":0,"maximumPoolSize":100,"poolSize":0,"queueSize":0,"queueType":"LinkedBlockingQueue","remainingCapacity":0,"threadPoolName":"threadPoolExecutor01"},{"activeCount":0,"appName":"dynamic-thread-pool-test-app","corePoolSize":20,"maximumPoolSize":50,"poolSize":0,"queueSize":0,"queueType":"LinkedBlockingQueue","remainingCapacity":0,"threadPoolName":"threadPoolExecutor02"}]
24-05-26.15:29:00.037 [scheduling-1    ] INFO  ThreadPoolDataReportJob - 动态线程池，上报线程池配置：{"activeCount":0,"appName":"dynamic-thread-pool-test-app","corePoolSize":0,"maximumPoolSize":100,"poolSize":0,"queueSize":0,"queueType":"LinkedBlockingQueue","remainingCapacity":0,"threadPoolName":"threadPoolExecutor01"}
24-05-26.15:29:00.041 [scheduling-1    ] INFO  ThreadPoolDataReportJob - 动态线程池，上报线程池配置：{"activeCount":0,"appName":"dynamic-thread-pool-test-app","corePoolSize":20,"maximumPoolSize":50,"poolSize":0,"queueSize":0,"queueType":"LinkedBlockingQueue","remainingCapacity":0,"threadPoolName":"threadPoolExecutor02"}
24-05-26.15:33:14.284 [main            ] INFO  Application            - Starting Application using Java 1.8.0_341 on bogon with PID 53525 (/Users/odin/Desktop/dynamic-thread-pool/dynamic-thread-pool-admin/target/classes started by odin in /Users/odin/Desktop/dynamic-thread-pool)
24-05-26.15:33:14.287 [main            ] INFO  Application            - The following 1 profile is active: "dev"
24-05-26.15:33:15.378 [main            ] INFO  RepositoryConfigurationDelegate - Multiple Spring Data modules found, entering strict repository configuration mode
24-05-26.15:33:15.381 [main            ] INFO  RepositoryConfigurationDelegate - Bootstrapping Spring Data Redis repositories in DEFAULT mode.
24-05-26.15:33:15.425 [main            ] INFO  RepositoryConfigurationDelegate - Finished Spring Data repository scanning in 26 ms. Found 0 Redis repository interfaces.
24-05-26.15:33:15.968 [main            ] INFO  TomcatWebServer        - Tomcat initialized with port(s): 8089 (http)
24-05-26.15:33:15.981 [main            ] INFO  Http11NioProtocol      - Initializing ProtocolHandler ["http-nio-8089"]
24-05-26.15:33:15.982 [main            ] INFO  StandardService        - Starting service [Tomcat]
24-05-26.15:33:15.982 [main            ] INFO  StandardEngine         - Starting Servlet engine: [Apache Tomcat/9.0.75]
24-05-26.15:33:16.147 [main            ] INFO  [/]                    - Initializing Spring embedded WebApplicationContext
24-05-26.15:33:16.147 [main            ] INFO  ServletWebServerApplicationContext - Root WebApplicationContext: initialization completed in 1802 ms
24-05-26.15:33:16.615 [main            ] INFO  Version                - Redisson 3.26.0
24-05-26.15:33:16.648 [main            ] ERROR DnsServerAddressStreamProviders - Unable to load io.netty.resolver.dns.macos.MacOSDnsServerAddressStreamProvider, fallback to system defaults. This may result in incorrect DNS resolutions on MacOS. Check whether you have a dependency on 'io.netty:netty-resolver-dns-native-macos'. Use DEBUG level to see the full stack: java.lang.UnsatisfiedLinkError: failed to load the required native library
24-05-26.15:33:16.821 [redisson-netty-1-5] INFO  ConnectionsHolder      - 1 connections initialized for localhost/127.0.0.1:16379
24-05-26.15:33:16.865 [redisson-netty-1-14] INFO  ConnectionsHolder      - 5 connections initialized for localhost/127.0.0.1:16379
24-05-26.15:33:17.615 [main            ] INFO  EndpointLinksResolver  - Exposing 1 endpoint(s) beneath base path '/actuator'
24-05-26.15:33:17.648 [main            ] INFO  Http11NioProtocol      - Starting ProtocolHandler ["http-nio-8089"]
24-05-26.15:33:17.660 [main            ] INFO  TomcatWebServer        - Tomcat started on port(s): 8089 (http) with context path ''
24-05-26.15:33:17.677 [main            ] INFO  Application            - Started Application in 4.057 seconds (JVM running for 5.277)
24-05-26.15:33:36.398 [http-nio-8089-exec-1] INFO  [/]                    - Initializing Spring DispatcherServlet 'dispatcherServlet'
24-05-26.15:33:36.404 [http-nio-8089-exec-1] INFO  DispatcherServlet      - Initializing Servlet 'dispatcherServlet'
24-05-26.15:33:36.418 [http-nio-8089-exec-1] INFO  DispatcherServlet      - Completed initialization in 11 ms
24-05-26.15:38:18.614 [main            ] INFO  Application            - Starting Application using Java 1.8.0_341 on bogon with PID 53999 (/Users/odin/Desktop/dynamic-thread-pool/dynamic-thread-pool-admin/target/classes started by odin in /Users/odin/Desktop/dynamic-thread-pool)
24-05-26.15:38:18.617 [main            ] INFO  Application            - The following 1 profile is active: "dev"
24-05-26.15:38:19.890 [main            ] INFO  RepositoryConfigurationDelegate - Multiple Spring Data modules found, entering strict repository configuration mode
24-05-26.15:38:19.893 [main            ] INFO  RepositoryConfigurationDelegate - Bootstrapping Spring Data Redis repositories in DEFAULT mode.
24-05-26.15:38:19.961 [main            ] INFO  RepositoryConfigurationDelegate - Finished Spring Data repository scanning in 55 ms. Found 0 Redis repository interfaces.
24-05-26.15:38:20.695 [main            ] INFO  TomcatWebServer        - Tomcat initialized with port(s): 8089 (http)
24-05-26.15:38:20.704 [main            ] INFO  Http11NioProtocol      - Initializing ProtocolHandler ["http-nio-8089"]
24-05-26.15:38:20.704 [main            ] INFO  StandardService        - Starting service [Tomcat]
24-05-26.15:38:20.705 [main            ] INFO  StandardEngine         - Starting Servlet engine: [Apache Tomcat/9.0.75]
24-05-26.15:38:20.959 [main            ] INFO  [/]                    - Initializing Spring embedded WebApplicationContext
24-05-26.15:38:20.959 [main            ] INFO  ServletWebServerApplicationContext - Root WebApplicationContext: initialization completed in 2243 ms
24-05-26.15:38:21.540 [main            ] INFO  Version                - Redisson 3.26.0
24-05-26.15:38:21.597 [main            ] ERROR DnsServerAddressStreamProviders - Unable to load io.netty.resolver.dns.macos.MacOSDnsServerAddressStreamProvider, fallback to system defaults. This may result in incorrect DNS resolutions on MacOS. Check whether you have a dependency on 'io.netty:netty-resolver-dns-native-macos'. Use DEBUG level to see the full stack: java.lang.UnsatisfiedLinkError: failed to load the required native library
24-05-26.15:38:21.846 [redisson-netty-1-6] INFO  ConnectionsHolder      - 1 connections initialized for localhost/127.0.0.1:16379
24-05-26.15:38:21.887 [redisson-netty-1-14] INFO  ConnectionsHolder      - 5 connections initialized for localhost/127.0.0.1:16379
24-05-26.15:38:22.891 [main            ] INFO  EndpointLinksResolver  - Exposing 1 endpoint(s) beneath base path '/actuator'
24-05-26.15:38:22.945 [main            ] INFO  Http11NioProtocol      - Starting ProtocolHandler ["http-nio-8089"]
24-05-26.15:38:22.959 [main            ] INFO  TomcatWebServer        - Tomcat started on port(s): 8089 (http) with context path ''
24-05-26.15:38:22.982 [main            ] INFO  Application            - Started Application in 5.276 seconds (JVM running for 6.356)
24-05-26.15:38:58.731 [http-nio-8089-exec-1] INFO  [/]                    - Initializing Spring DispatcherServlet 'dispatcherServlet'
24-05-26.15:38:58.733 [http-nio-8089-exec-1] INFO  DispatcherServlet      - Initializing Servlet 'dispatcherServlet'
24-05-26.15:38:58.740 [http-nio-8089-exec-1] INFO  DispatcherServlet      - Completed initialization in 7 ms
24-05-26.15:39:21.277 [scheduling-1    ] INFO  ThreadPoolDataReportJob - 动态线程池，上报线程池信息：[{"activeCount":0,"appName":"dynamic-thread-pool-test-app","corePoolSize":0,"maximumPoolSize":100,"poolSize":0,"queueSize":0,"queueType":"LinkedBlockingQueue","remainingCapacity":0,"threadPoolName":"threadPoolExecutor01"},{"activeCount":0,"appName":"dynamic-thread-pool-test-app","corePoolSize":20,"maximumPoolSize":50,"poolSize":0,"queueSize":0,"queueType":"LinkedBlockingQueue","remainingCapacity":0,"threadPoolName":"threadPoolExecutor02"}]
24-05-26.15:39:21.287 [scheduling-1    ] INFO  ThreadPoolDataReportJob - 动态线程池，上报线程池配置：{"activeCount":0,"appName":"dynamic-thread-pool-test-app","corePoolSize":0,"maximumPoolSize":100,"poolSize":0,"queueSize":0,"queueType":"LinkedBlockingQueue","remainingCapacity":0,"threadPoolName":"threadPoolExecutor01"}
24-05-26.15:39:21.296 [scheduling-1    ] INFO  ThreadPoolDataReportJob - 动态线程池，上报线程池配置：{"activeCount":0,"appName":"dynamic-thread-pool-test-app","corePoolSize":20,"maximumPoolSize":50,"poolSize":0,"queueSize":0,"queueType":"LinkedBlockingQueue","remainingCapacity":0,"threadPoolName":"threadPoolExecutor02"}
24-05-26.15:39:25.179 [main            ] INFO  Application            - Starting Application using Java 1.8.0_341 on bogon with PID 54108 (/Users/odin/Desktop/dynamic-thread-pool/dynamic-thread-pool-test/target/classes started by odin in /Users/odin/Desktop/dynamic-thread-pool)
24-05-26.15:39:25.181 [main            ] INFO  Application            - The following 1 profile is active: "dev"
24-05-26.15:39:26.221 [main            ] INFO  RepositoryConfigurationDelegate - Multiple Spring Data modules found, entering strict repository configuration mode
24-05-26.15:39:26.223 [main            ] INFO  RepositoryConfigurationDelegate - Bootstrapping Spring Data Redis repositories in DEFAULT mode.
24-05-26.15:39:26.248 [main            ] INFO  RepositoryConfigurationDelegate - Finished Spring Data repository scanning in 15 ms. Found 0 Redis repository interfaces.
24-05-26.15:39:26.786 [main            ] INFO  TomcatWebServer        - Tomcat initialized with port(s): 8091 (http)
24-05-26.15:39:26.792 [main            ] INFO  Http11NioProtocol      - Initializing ProtocolHandler ["http-nio-8091"]
24-05-26.15:39:26.792 [main            ] INFO  StandardService        - Starting service [Tomcat]
24-05-26.15:39:26.793 [main            ] INFO  StandardEngine         - Starting Servlet engine: [Apache Tomcat/9.0.75]
24-05-26.15:39:26.928 [main            ] INFO  [/]                    - Initializing Spring embedded WebApplicationContext
24-05-26.15:39:26.928 [main            ] INFO  ServletWebServerApplicationContext - Root WebApplicationContext: initialization completed in 1703 ms
24-05-26.15:39:27.707 [main            ] INFO  Version                - Redisson 3.26.0
24-05-26.15:39:27.737 [main            ] WARN  DnsServerAddressStreamProviders - Can not find io.netty.resolver.dns.macos.MacOSDnsServerAddressStreamProvider in the classpath, fallback to system defaults. This may result in incorrect DNS resolutions on MacOS. Check whether you have a dependency on 'io.netty:netty-resolver-dns-native-macos'
24-05-26.15:39:27.863 [redisson-netty-1-13] INFO  ConnectionsHolder      - 1 connections initialized for 127.0.0.1/127.0.0.1:16379
24-05-26.15:39:27.873 [redisson-netty-1-23] INFO  ConnectionsHolder      - 10 connections initialized for 127.0.0.1/127.0.0.1:16379
24-05-26.15:39:27.937 [main            ] INFO  DynamicThreadPoolAutoConfig - 动态线程池，注册器（redis）链接初始化完成。127.0.0.1 64 true
24-05-26.15:39:28.047 [main            ] INFO  DynamicThreadPoolAutoConfig - 应用名称为:dynamic-thread-pool-test-app - 线程池信息:["threadPoolExecutor01","threadPoolExecutor02"]
24-05-26.15:39:36.243 [main            ] INFO  EndpointLinksResolver  - Exposing 1 endpoint(s) beneath base path '/actuator'
24-05-26.15:39:36.289 [main            ] INFO  Http11NioProtocol      - Starting ProtocolHandler ["http-nio-8091"]
24-05-26.15:39:36.304 [main            ] INFO  TomcatWebServer        - Tomcat started on port(s): 8091 (http) with context path ''
24-05-26.15:39:36.335 [main            ] INFO  Application            - Started Application in 11.806 seconds (JVM running for 12.67)
24-05-26.15:39:46.198 [scheduling-1    ] INFO  ThreadPoolDataReportJob - 动态线程池，上报线程池信息：[{"activeCount":0,"appName":"dynamic-thread-pool-test-app","corePoolSize":0,"maximumPoolSize":100,"poolSize":0,"queueSize":0,"queueType":"LinkedBlockingQueue","remainingCapacity":0,"threadPoolName":"threadPoolExecutor01"},{"activeCount":0,"appName":"dynamic-thread-pool-test-app","corePoolSize":20,"maximumPoolSize":50,"poolSize":0,"queueSize":0,"queueType":"LinkedBlockingQueue","remainingCapacity":0,"threadPoolName":"threadPoolExecutor02"}]
24-05-26.15:39:46.207 [scheduling-1    ] INFO  ThreadPoolDataReportJob - 动态线程池，上报线程池配置：{"activeCount":0,"appName":"dynamic-thread-pool-test-app","corePoolSize":0,"maximumPoolSize":100,"poolSize":0,"queueSize":0,"queueType":"LinkedBlockingQueue","remainingCapacity":0,"threadPoolName":"threadPoolExecutor01"}
24-05-26.15:39:46.216 [scheduling-1    ] INFO  ThreadPoolDataReportJob - 动态线程池，上报线程池配置：{"activeCount":0,"appName":"dynamic-thread-pool-test-app","corePoolSize":20,"maximumPoolSize":50,"poolSize":0,"queueSize":0,"queueType":"LinkedBlockingQueue","remainingCapacity":0,"threadPoolName":"threadPoolExecutor02"}
24-05-26.15:40:05.621 [scheduling-1    ] INFO  ThreadPoolDataReportJob - 动态线程池，上报线程池信息：[{"activeCount":0,"appName":"dynamic-thread-pool-test-app","corePoolSize":0,"maximumPoolSize":100,"poolSize":0,"queueSize":0,"queueType":"LinkedBlockingQueue","remainingCapacity":0,"threadPoolName":"threadPoolExecutor01"},{"activeCount":0,"appName":"dynamic-thread-pool-test-app","corePoolSize":20,"maximumPoolSize":50,"poolSize":0,"queueSize":0,"queueType":"LinkedBlockingQueue","remainingCapacity":0,"threadPoolName":"threadPoolExecutor02"}]
24-05-26.15:40:05.629 [scheduling-1    ] INFO  ThreadPoolDataReportJob - 动态线程池，上报线程池配置：{"activeCount":0,"appName":"dynamic-thread-pool-test-app","corePoolSize":0,"maximumPoolSize":100,"poolSize":0,"queueSize":0,"queueType":"LinkedBlockingQueue","remainingCapacity":0,"threadPoolName":"threadPoolExecutor01"}
24-05-26.15:40:05.634 [scheduling-1    ] INFO  ThreadPoolDataReportJob - 动态线程池，上报线程池配置：{"activeCount":0,"appName":"dynamic-thread-pool-test-app","corePoolSize":20,"maximumPoolSize":50,"poolSize":0,"queueSize":0,"queueType":"LinkedBlockingQueue","remainingCapacity":0,"threadPoolName":"threadPoolExecutor02"}
24-05-26.15:40:20.032 [scheduling-1    ] INFO  ThreadPoolDataReportJob - 动态线程池，上报线程池信息：[{"activeCount":0,"appName":"dynamic-thread-pool-test-app","corePoolSize":0,"maximumPoolSize":100,"poolSize":0,"queueSize":0,"queueType":"LinkedBlockingQueue","remainingCapacity":0,"threadPoolName":"threadPoolExecutor01"},{"activeCount":0,"appName":"dynamic-thread-pool-test-app","corePoolSize":20,"maximumPoolSize":50,"poolSize":0,"queueSize":0,"queueType":"LinkedBlockingQueue","remainingCapacity":0,"threadPoolName":"threadPoolExecutor02"}]
24-05-26.15:40:20.043 [scheduling-1    ] INFO  ThreadPoolDataReportJob - 动态线程池，上报线程池配置：{"activeCount":0,"appName":"dynamic-thread-pool-test-app","corePoolSize":0,"maximumPoolSize":100,"poolSize":0,"queueSize":0,"queueType":"LinkedBlockingQueue","remainingCapacity":0,"threadPoolName":"threadPoolExecutor01"}
24-05-26.15:40:20.049 [scheduling-1    ] INFO  ThreadPoolDataReportJob - 动态线程池，上报线程池配置：{"activeCount":0,"appName":"dynamic-thread-pool-test-app","corePoolSize":20,"maximumPoolSize":50,"poolSize":0,"queueSize":0,"queueType":"LinkedBlockingQueue","remainingCapacity":0,"threadPoolName":"threadPoolExecutor02"}
24-05-26.15:40:40.027 [scheduling-1    ] INFO  ThreadPoolDataReportJob - 动态线程池，上报线程池信息：[{"activeCount":0,"appName":"dynamic-thread-pool-test-app","corePoolSize":0,"maximumPoolSize":100,"poolSize":0,"queueSize":0,"queueType":"LinkedBlockingQueue","remainingCapacity":0,"threadPoolName":"threadPoolExecutor01"},{"activeCount":0,"appName":"dynamic-thread-pool-test-app","corePoolSize":20,"maximumPoolSize":50,"poolSize":0,"queueSize":0,"queueType":"LinkedBlockingQueue","remainingCapacity":0,"threadPoolName":"threadPoolExecutor02"}]
24-05-26.15:40:40.036 [scheduling-1    ] INFO  ThreadPoolDataReportJob - 动态线程池，上报线程池配置：{"activeCount":0,"appName":"dynamic-thread-pool-test-app","corePoolSize":0,"maximumPoolSize":100,"poolSize":0,"queueSize":0,"queueType":"LinkedBlockingQueue","remainingCapacity":0,"threadPoolName":"threadPoolExecutor01"}
24-05-26.15:40:40.050 [scheduling-1    ] INFO  ThreadPoolDataReportJob - 动态线程池，上报线程池配置：{"activeCount":0,"appName":"dynamic-thread-pool-test-app","corePoolSize":20,"maximumPoolSize":50,"poolSize":0,"queueSize":0,"queueType":"LinkedBlockingQueue","remainingCapacity":0,"threadPoolName":"threadPoolExecutor02"}
24-05-26.15:41:00.038 [scheduling-1    ] INFO  ThreadPoolDataReportJob - 动态线程池，上报线程池信息：[{"activeCount":0,"appName":"dynamic-thread-pool-test-app","corePoolSize":0,"maximumPoolSize":100,"poolSize":0,"queueSize":0,"queueType":"LinkedBlockingQueue","remainingCapacity":0,"threadPoolName":"threadPoolExecutor01"},{"activeCount":0,"appName":"dynamic-thread-pool-test-app","corePoolSize":20,"maximumPoolSize":50,"poolSize":0,"queueSize":0,"queueType":"LinkedBlockingQueue","remainingCapacity":0,"threadPoolName":"threadPoolExecutor02"}]
24-05-26.15:41:00.047 [scheduling-1    ] INFO  ThreadPoolDataReportJob - 动态线程池，上报线程池配置：{"activeCount":0,"appName":"dynamic-thread-pool-test-app","corePoolSize":0,"maximumPoolSize":100,"poolSize":0,"queueSize":0,"queueType":"LinkedBlockingQueue","remainingCapacity":0,"threadPoolName":"threadPoolExecutor01"}
24-05-26.15:41:00.050 [scheduling-1    ] INFO  ThreadPoolDataReportJob - 动态线程池，上报线程池配置：{"activeCount":0,"appName":"dynamic-thread-pool-test-app","corePoolSize":20,"maximumPoolSize":50,"poolSize":0,"queueSize":0,"queueType":"LinkedBlockingQueue","remainingCapacity":0,"threadPoolName":"threadPoolExecutor02"}
24-05-26.15:41:14.778 [main            ] INFO  Application            - Starting Application using Java 1.8.0_341 on bogon with PID 54285 (/Users/odin/Desktop/dynamic-thread-pool/dynamic-thread-pool-test/target/classes started by odin in /Users/odin/Desktop/dynamic-thread-pool)
24-05-26.15:41:14.779 [main            ] INFO  Application            - The following 1 profile is active: "dev"
24-05-26.15:41:15.863 [main            ] INFO  RepositoryConfigurationDelegate - Multiple Spring Data modules found, entering strict repository configuration mode
24-05-26.15:41:15.865 [main            ] INFO  RepositoryConfigurationDelegate - Bootstrapping Spring Data Redis repositories in DEFAULT mode.
24-05-26.15:41:15.903 [main            ] INFO  RepositoryConfigurationDelegate - Finished Spring Data repository scanning in 23 ms. Found 0 Redis repository interfaces.
24-05-26.15:41:16.439 [main            ] INFO  TomcatWebServer        - Tomcat initialized with port(s): 8091 (http)
24-05-26.15:41:16.445 [main            ] INFO  Http11NioProtocol      - Initializing ProtocolHandler ["http-nio-8091"]
24-05-26.15:41:16.446 [main            ] INFO  StandardService        - Starting service [Tomcat]
24-05-26.15:41:16.447 [main            ] INFO  StandardEngine         - Starting Servlet engine: [Apache Tomcat/9.0.75]
24-05-26.15:41:16.596 [main            ] INFO  [/]                    - Initializing Spring embedded WebApplicationContext
24-05-26.15:41:16.596 [main            ] INFO  ServletWebServerApplicationContext - Root WebApplicationContext: initialization completed in 1766 ms
24-05-26.15:41:17.329 [main            ] INFO  Version                - Redisson 3.26.0
24-05-26.15:41:17.366 [main            ] WARN  DnsServerAddressStreamProviders - Can not find io.netty.resolver.dns.macos.MacOSDnsServerAddressStreamProvider in the classpath, fallback to system defaults. This may result in incorrect DNS resolutions on MacOS. Check whether you have a dependency on 'io.netty:netty-resolver-dns-native-macos'
24-05-26.15:41:17.526 [redisson-netty-1-13] INFO  ConnectionsHolder      - 1 connections initialized for 127.0.0.1/127.0.0.1:16379
24-05-26.15:41:17.535 [redisson-netty-1-23] INFO  ConnectionsHolder      - 10 connections initialized for 127.0.0.1/127.0.0.1:16379
24-05-26.15:41:17.595 [main            ] INFO  DynamicThreadPoolAutoConfig - 动态线程池，注册器（redis）链接初始化完成。127.0.0.1 64 true
24-05-26.15:41:17.662 [main            ] INFO  DynamicThreadPoolAutoConfig - 应用名称为:dynamic-thread-pool-test-app - 线程池信息:["threadPoolExecutor01","threadPoolExecutor02"]
24-05-26.15:41:18.426 [main            ] INFO  EndpointLinksResolver  - Exposing 1 endpoint(s) beneath base path '/actuator'
24-05-26.15:41:18.488 [main            ] INFO  Http11NioProtocol      - Starting ProtocolHandler ["http-nio-8091"]
24-05-26.15:41:18.503 [main            ] INFO  TomcatWebServer        - Tomcat started on port(s): 8091 (http) with context path ''
24-05-26.15:41:18.528 [main            ] INFO  Application            - Started Application in 4.303 seconds (JVM running for 5.17)
24-05-26.15:41:20.057 [scheduling-1    ] INFO  ThreadPoolDataReportJob - 动态线程池，上报线程池信息：[{"activeCount":1,"appName":"dynamic-thread-pool-test-app","corePoolSize":0,"maximumPoolSize":100,"poolSize":0,"queueSize":0,"queueType":"LinkedBlockingQueue","remainingCapacity":0,"threadPoolName":"threadPoolExecutor01"},{"activeCount":0,"appName":"dynamic-thread-pool-test-app","corePoolSize":20,"maximumPoolSize":50,"poolSize":0,"queueSize":0,"queueType":"LinkedBlockingQueue","remainingCapacity":0,"threadPoolName":"threadPoolExecutor02"}]
24-05-26.15:41:20.061 [scheduling-1    ] INFO  ThreadPoolDataReportJob - 动态线程池，上报线程池配置：{"activeCount":1,"appName":"dynamic-thread-pool-test-app","corePoolSize":0,"maximumPoolSize":100,"poolSize":0,"queueSize":0,"queueType":"LinkedBlockingQueue","remainingCapacity":0,"threadPoolName":"threadPoolExecutor01"}
24-05-26.15:41:20.064 [scheduling-1    ] INFO  ThreadPoolDataReportJob - 动态线程池，上报线程池配置：{"activeCount":0,"appName":"dynamic-thread-pool-test-app","corePoolSize":20,"maximumPoolSize":50,"poolSize":0,"queueSize":0,"queueType":"LinkedBlockingQueue","remainingCapacity":0,"threadPoolName":"threadPoolExecutor02"}
24-05-26.15:41:40.025 [scheduling-1    ] INFO  ThreadPoolDataReportJob - 动态线程池，上报线程池信息：[{"activeCount":1,"appName":"dynamic-thread-pool-test-app","corePoolSize":0,"maximumPoolSize":100,"poolSize":0,"queueSize":0,"queueType":"LinkedBlockingQueue","remainingCapacity":0,"threadPoolName":"threadPoolExecutor01"},{"activeCount":0,"appName":"dynamic-thread-pool-test-app","corePoolSize":20,"maximumPoolSize":50,"poolSize":0,"queueSize":0,"queueType":"LinkedBlockingQueue","remainingCapacity":0,"threadPoolName":"threadPoolExecutor02"}]
24-05-26.15:41:40.032 [scheduling-1    ] INFO  ThreadPoolDataReportJob - 动态线程池，上报线程池配置：{"activeCount":1,"appName":"dynamic-thread-pool-test-app","corePoolSize":0,"maximumPoolSize":100,"poolSize":0,"queueSize":0,"queueType":"LinkedBlockingQueue","remainingCapacity":0,"threadPoolName":"threadPoolExecutor01"}
24-05-26.15:41:40.039 [scheduling-1    ] INFO  ThreadPoolDataReportJob - 动态线程池，上报线程池配置：{"activeCount":0,"appName":"dynamic-thread-pool-test-app","corePoolSize":20,"maximumPoolSize":50,"poolSize":0,"queueSize":0,"queueType":"LinkedBlockingQueue","remainingCapacity":0,"threadPoolName":"threadPoolExecutor02"}
